3
4
4
12
12
13
13
18
19
23
23
24
24
30
30
33
34
40
40
40
43
43
50
50
50
53
60
60
63
64
70
70
70
71
71
80
80
80
80
89
90
93
93
94
100
100
100
103
103
104
109
110
110
113
113
125
130
131
133
134
134
139
140
140
142
143
143
153
154
160
160
163
163
164
164
170
170
170
173
190
190
193
193
194
194
203
209
210
210
213
223
224
224
230
230
231
231
231
231
231
233
240
240
242
242
243
253
254
254
260
260
260
263
263
264
273
280
283
284
284
284
290
290
290
293
293
294
300
300
301
301
303
313
323
323
333
334
334
334
334
334
335
335
343
343
344
353
353
354
354
363
370
370
370
370
371
371
372
372
373
373
383
384
390
390
390
393
393
394
400
400
403
420
420
423
423
424
424
424
424
429
430
430
431
433
440
440
443
449
450
453
453
463
470
470
470
470
471
471
472
473
473
483
483
493
500
500
500
502
502
502
503
503
523
523
530
530
530
530
531
531
533
533
540
540
540
543
553
560
560
560
561
561
563
563
564
564
569
570
573
578
579
583
591
593
593
594
594
594
603
603
614
615
615
615
620
620
621
621
623
623
633
633
640
640
640
640
641
641
649
650
653
653
660
660
660
660
663
673
683
683
684
684
684
684
686
686
686
690
691
693
699
700
702
703
703
720
720
721
723
723
724
724
724
724
743
743
744
744
744
744
745
760
760
760
760
761
763
763
764
764
769
770
773
790
790
790
790
791
791
791
793
793
794
800
800
800
803
803
809
809
813
813
823
829
829
830
830
830
830
832
833
833
843
843
844
853
853
859
861
862
863
863
869
870
873
873
874
874
883
883
899
900
900
900
903
903
904
921
921
922
922
923
929
929
930
930
933
933
939
940
943
943
949
950
950
953
963
963
964
964
964
964
973
973
973
989
990
990
990
990
991
991
992
993
999
999
1003
1009
1010
1013
1013
1013
1023
1029
1030
1030
1030
1030
1031
1033
1039
1039
1043
1043
1043
1044
1049
1050
1053
1053
1054
1059
1059
1060
1062
1063
1063
1083
1083
1084
1084
1092
1092
1093
1093
1093
1094
1113
1113
1113
1114
1120
1120
1120
1120
1121
1121
1123
1129
1129
1130
1139
1139
1143
1143
1143
1144
1150
1150
1151
1151
1153
1159
1160
1160
1162
1163
1163
1173
1173
1173
1179
1180
1183
1183
1183
1189
1189
1190
1192
1193
1193
1203
1203
1203
1209
1210
1210
1211
1211
1219
1220
1221
1221
1223
1233
1243
1243
1243
1244
1244
1250
1251
1251
1252
1252
1252
1273
1273
1273
1274
1279
1279
1280
1280
1283
1283
1289
1289
1290
1293
1293
1303
1303
1303
1309
1310
1313
1313
1319
1320
1320
1321
1323
1323
1333
1333
1333
1339
1340
1343
1343
1349
1349
1351
1351
1359
1359
1360
1363
1369
1370
1373
1373
1383
1383
1389
1389
1390
1390
1390
1390
1392
1393
1399
1403
1403
1403
1409
1410
1410
1410
1413
1433
1433
1433
1439
1440
1440
1440
1441
1441
1443
1443
1449
1449
1450
1451
1452
1452
1463
1463
1469
1469
1473
1473
1473
1479
1480
1480
1481
1481
1489
1489
1489
1493
1500
1500
1503
1503
1509
1509
1510
1510
1513
1513
1519
1519
1523
1539
1540
1543
1543
1543
1544
1544
1544
1549
1549
1552
1553
1553
1563
1563
1569
1569
1569
1573
1583
1583
1583
1584
1584
1584
1589
1590
1590
1593
1599
1600
1603
1603
1609
1610
1611
1611
1613
1613
1633
1633
1633
1634
1634
1634
1652
1653
1653
1653
1653
1654
1658
1658
1663
1663
1669
1669
1670
1670
1673
1673
1679
1679
1680
1681
1683
1693
1693
1693
1694
1695
1695
1703
1703
1709
1709
1710
1711
1711
1713
1733
1733
1733
1734
1734
1734
1734
1740
1740
1741
1741
1743
1749
1750
1750
1752
1752
1753
1769
1773
1773
1773
1774
1774
1774
1774
1783
1783
1783
1799
1799
1800
1800
1800
1800
1801
1803
1803
1803
1809
1809
1813
1813
1830
1833
1833
1833
1834
1834
1834
1834
1839
1840
1841
1841
1841
1843
1849
1850
1853
1859
1863
1863
1863
1865
1865
1865
1873
1873
1883
1883
1883
1884
1884
1888
1893
1893
1893
1898
1898
1898
1900
1900
1903
1910
1910
1910
1913
1929
1930
1933
1933
1933
1934
1934
1934
1934
1939
1939
1941
1941
1949
1949
1949
1953
1959
1959
1963
1963
1963
1979
1979
1979
1979
1982
1983
1983
1983
1983
1989
1993
1993
1993
1999
1999
2003
2003
2003
2009
2009
2012
2018
2018
2023
2023
2023
2023
2029
2029
2033
2033
2033
2039
2039
2039
2043
2060
2063
2063
2063
2064
2064
2064
2069
2069
2070
2071
2071
2073
2079
2079
2080
2083
2089
2089
2093
2093
2093
2099
2099
2100
2100
2101
2109
2109
2109
2112
2119
2119
2120
2120
2121
2121
2137
2137
2138
2138
2139
2139
2139
2140
2143
2143
2143
2153
2153
2153
2159
2159
2160
2163
2163
2163
2169
2169
2171
2171
2179
2179
2179
2183
2189
2189
2193
2193
2199
2199
2201
2201
2203
2209
2209
2212
2219
2223
2223
2223
2229
2230
2230
2233
2233
2239
2239
2239
2243
2243
2260
2260
2263
2263
2263
2263
2264
2264
2283
2283
2283
2283
2284
2293
2293
2293
2293
2294
2299
2299
2301
2301
2303
2309
2309
2309
2313
2319
2320
2323
2323
2323
2329
2329
2329
2330
2331
2333
2339
2339
2342
2343
2343
2353
2353
2353
2359
2359
2363
2363
2369
2369
2369
2369
2372
2373
2383
2383
2383
2389
2389
2390
2393
2393
2399
2399
2399
2401
2403
2409
2409
2409
2413
2419
2419
2423
2423
2423
2429
2429
2430
2431
2433
2439
2439
2442
2449
2449
2453
2453
2453
2459
2459
2460
2460
2463
2469
2469
2472
2478
2478
2483
2483
2483
2489
2489
2493
2493
2493
2499
2499
2499
2502
2503
2503
2513
2513
2519
2519
2523
2523
2529
2529
2530
2530
2543
2543
2544
2544
2544
2545
2545
2545
2553
2553
2559
2559
2560
2560
2563
2569
2569
2569
2572
2579
2579
2583
2583
2583
2589
2589
2593
2593
2593
2599
2599
2599
2603
2603
2613
2613
2619
2619
2619
2622
2623
2623
2629
2629
2631
2631
2633
2643
2643
2643
2649
2649
2653
2653
2653
2659
2659
2661
2663
2663
2669
2669
2679
2679
2683
2683
2689
2689
2689
2690
2690
2693
2699
2699
2702
2702
2703
2713
2713
2713
2719
2719
2720
2722
2723
2723
2732
2733
2733
2733
2749
2749
2749
2750
2750
2750
2750
2752
2753
2753
2759
2759
2761
2761
2769
2769
2769
2773
2779
2779
2783
2783
2789
2789
2789
2790
2791
2791
2799
2799
2799
2802
2808
2809
2813
2813
2819
2819
2823
2823
2823
2829
2829
2829
2832
2833
2842
2843
2843
2853
2853
2856
2863
2863
2863
2863
2873
2873
2873
2873
2874
2879
2879
2883
2883
2883
2889
2889
2889
2889
2891
2892
2899
2899
2899
2902
2909
2909
2913
2913
2919
2919
2919
2920
2920
2922
2929
2929
2929
2932
2933
2939
2943
2943
2949
2949
2949
2952
2953
2953
2959
2959
2959
2959
2962
2963
2972
2973
2973
2982
2983
2983
2991
2992
2993
2993
2993
2993
2994
2999
2999
3003
3009
3009
3013
3013
3013
3019
3020
3020
3022
3023
3023
3032
3033
3045
3045
3045
3049
3049
3049
3050
3050
3052
3053
3053
3059
3059
3059
3062
3063
3063
3073
3073
3079
3079
3079
3082
3083
3083
3089
3089
3091
3092
3093
3102
3103
3103
3109
3109
3112
3112
3113
3119
3119
3120
3121
3122
3129
3129
3132
3139
3139
3142
3143
3143
3159
3159
3159
3162
3162
3163
3163
3168
3169
3172
3173
3173
3179
3179
3180
3182
3183
3183
3189
3189
3189
3192
3192
3193
3202
3203
3203
3203
3204
3204
3205
3209
3209
3210
3219
3219
3219
3221
3222
3222
3232
3233
3233
3233
3239
3239
3242
3243
3249
3249
3249
3249
3250
3251
3253
3259
3259
3259
3269
3269
3272
3273
3273
3282
3289
3289
3289
3290
3290
3290
3292
3298
3299
3302
3303
3303
3309
3309
3312
3312
3313
3319
3319
3319
3321
3321
3323
3323
3332
3333
3339
3339
3339
3342
3343
3343
3349
3349
3350
3351
3359
3359
3362
3369
3369
3372
3373
3373
3379
3379
3379
3379
3380
3380
3389
3389
3389
3392
3398
3399
3402
3403
3403
3409
3409
3409
3412
3412
3413
3413
3419
3419
3422
3422
3422
3423
3432
3433
3439
3439
3439
3440
3442
3443
3448
3449
3449
3449
3452
3452
3462
3463
3469
3469
3472
3472
3473
3473
3489
3489
3489
3490
3490
3490
3492
3493
3499
3499
3502
3503
3509
3509
3510
3510
3510
3512
3519
3519
3519
3522
3528
3529
3532
3532
3533
3539
3539
3539
3540
3542
3549
3549
3551
3552
3552
3553
3562
3563
3563
3569
3569
3569
3572
3573
3579
3579
3579
3581
3582
3592
3602
3602
3603
3609
3609
3609
3609
3610
3610
3610
3619
3619
3619
3622
3628
3629
3632
3633
3642
3642
3643
3643
3652
3658
3659
3659
3659
3659
3660
3662
3663
3663
3669
3669
3669
3669
3670
3672
3679
3679
3679
3681
3681
3682
3692
3693
3698
3699
3699
3699
3702
3703
3709
3709
3709
3710
3711
3712
3732
3733
3733
3739
3739
3739
3740
3740
3740
3740
3742
3743
3752
3762
3763
3763
3763
3772
3773
3779
3782
3782
3782
3782
3783
3783
3799
3799
3799
3800
3802
3808
3809
3809
3809
3809
3811
3812
3812
3818
3819
3819
3829
3829
3829
3832
3832
3839
3839
3840
3842
3842
3843
3852
3862
3862
3863
3863
3863
3863
3864
3868
3869
3869
3872
3872
3882
3888
3889
3889
3889
3892
3892
3893
3899
3899
3899
3902
3902
3903
3908
3909
3911
3911
3912
3922
3929
3932
3933
3933
3933
3933
3939
3939
3941
3941
3948
3948
3952
3952
3959
3959
3962
3962
3969
3969
3970
3970
3972
3978
3979
3979
3982
3992
3999
3999
4000
4002
4009
4009
4009
4009
4012
4012
4022
4022
4023
4023
4028
4029
4032
4032
4033
4033
4039
4039
4041
4042
4042
4043
4062
4062
4063
4063
4065
4065
4071
4071
4071
4072
4080
4080
4082
4082
4089
4089
4093
4101
4101
4101
4102
4102
4108
4108
4109
4109
4113
4113
4119
4122
4123
4123
4125
4125
4130
4130
4132
4132
4139
4139
4141
4141
4142
4152
4152
4153
4158
4159
4159
4159
4162
4162
4172
4172
4173
4173
4173
4173
4192
4192
4193
4193
4193
4193
4194
4194
4202
4202
4209
4209
4209
4209
4209
4212
4218
4219
4219
4219
4220
4228
4229
4229
4230
4232
4238
4238
4239
4241
4242
4242
4252
4252
4253
4253
4258
4259
4262
4262
4263
4263
4268
4269
4271
4271
4272
4272
4282
4282
4288
4289
4289
4292
4292
4293
4299
4299
4300
4300
4308
4308
4309
4312
4319
4319
4322
4322
4323
4328
4329
4329
4330
4330
4332
4339
4339
4339
4342
4342
4349
4349
4352
4352
4353
4359
4359
4359
4362
4362
4372
4378
4379
4379
4379
4382
4382
4382
4383
4388
4389
4389
4401
4401
4402
4402
4407
4407
4407
4407
4408
4409
4412
4422
4428
4430
4431
4431
4432
4432
4433
4442
4442
4443
4458
4459
4459
4459
4459
4460
4460
4462
4462
4463
4468
4468
4469
4471
4472
4472
4482
4482
4483
4488
4489
4489
4492
4492
4499
4499
4499
4501
4502
4502
4512
4512
4513
4513
4528
4528
4530
4530
4538
4539
4539
4539
4539
4540
4548
4549
4552
4552
4552
4558
4559
4559
4560
4560
4562
4568
4569
4569
4578
4578
4582
4582
4583
4589
4589
4589
4592
4592
4593
4598
4599
4599
4602
4602
4602
4612
4612
4612
4618
4619
4622
4622
4623
4623
4628
4629
4631
4631
4632
4642
4652
4659
4659
4659
4659
4660
4662
4662
4662
4668
4668
4672
4678
4679
4682
4682
4692
4692
4693
4693
4693
4698
4698
4699
4702
4708
4709
4712
4712
4712
4718
4718
4719
4722
4722
4722
4742
4742
4743
4752
4752
4752
4753
4758
4760
4760
4769
4769
4769
4769
4769
4770
4772
4782
4788
4790
4791
4792
4798
4798
4799
4799
4802
4808
4809
4812
4812
4812
4822
4829
4829
4829
4838
4839
4839
4839
4839
4842
4842
4842
4848
4848
4849
4852
4852
4852
4858
4858
4859
4861
4861
4861
4872
4872
4873
4873
4874
4874
4882
4882
4898
4898
4899
4899
4902
4902
4903
4903
4909
4909
4912
4912
4913
4918
4919
4919
4922
4922
4932
4942
4942
4942
4943
4943
4948
4948
4949
4952
4952
4952
4958
4958
4959
4961
4962
4972
4972
4972
4979
4979
4982
4982
4982
4988
4989
4989
4992
4992
5002
5002
5008
5008
5012
5012
5013
5018
5018
5020
5020
5022
5028
5028
5032
5032
5038
5039
5042
5042
5048
5048
5049
5050
5052
5052
5058
5059
5061
5062
5072
5072
5072
5078
5079
5082
5082
5082
5088
5089
5089
5091
5092
5102
5102
5102
5108
5109
5112
5112
5112
5118
5119
5119
5120
5122
5128
5128
5129
5132
5139
5139
5142
5142
5142
5148
5149
5149
5150
5150
5152
5158
5158
5159
5168
5168
5172
5172
5172
5178
5179
5179
5182
5182
5182
5188
5188
5191
5197
5197
5202
5202
5202
5208
5208
5209
5212
5212
5218
5218
5218
5219
5222
5222
5222
5232
5232
5232
5238
5239
5242
5242
5248
5248
5249
5249
5250
5250
5252
5258
5258
5259
5262
5268
5269
5272
5272
5272
5278
5279
5279
5280
5280
5282
5288
5288
5289
5291
5298
5299
5302
5302
5312
5312
5312
5321
5321
5321
5321
5322
5322
5327
5327
5332
5332
5332
5338
5338
5339
5342
5342
5342
5348
5348
5349
5350
5352
5352
5358
5358
5362
5378
5378
5379
5379
5379
5379
5382
5382
5399
5402
5402
5402
5402
5403
5403
5403
5408
5409
5409
5412
5412
5418
5418
5418
5421
5422
5422
5432
5432
5438
5438
5439
5442
5442
5442
5448
5448
5448
5451
5451
5452
5462
5462
5462
5469
5469
5469
5472
5472
5478
5479
5480
5480
5482
5482
5488
5488
5492
5498
5498
5502
5502
5502
5508
5508
5510
5510
5512
5532
5532
5532
5533
5533
5533
5533
5538
5538
5542
5542
5542
5548
5548
5551
5552
5552
5562
5562
5562
5578
5578
5578
5579
5579
5579
5579
5582
5582
5592
5592
5592
5598
5598
5598
5610
5610
5612
5612
5612
5612
5613
5618
5619
5619
5622
5628
5632
5632
5632
5638
5639
5639
5640
5640
5648
5648
5649
5649
5652
5652
5662
5662
5662
5662
5668
5668
5672
5672
5672
5678
5678
5681
5682
5682
5692
5692
5692
5698
5698
5702
5702
5702
5708
5708
5710
5710
5718
5718
5718
5728
5728
5732
5732
5732
5738
5738
5738
5740
5740
5748
5748
5748
5749
5758
5758
5759
5762
5762
5762
5768
5768
5769
5772
5787
5787
5787
5788
5788
5788
5788
5792
5792
5792
5798
5798
5802
5802
5802
5802
5808
5808
5811
5811
5812
5812
5822
5822
5840
5840
5840
5840
5842
5842
5848
5848
5848
5849
5852
5858
5858
5862
5862
5862
5868
5868
5869
5870
5872
5878
5878
5878
5898
5898
5898
5898
5899
5899
5899
5902
5902
5908
5908
5908
5912
5912
5922
5922
5922
5922
5930
5938
5940
5940
5942
5942
5952
5952
5952
5968
5968
5968
5969
5969
5969
5972
5972
5972
5978
5978
5979
5982
5988
5992
5992
5992
5998
5998
5999
5999
6002
6002
6002
6008
6008
6011
6018
6018
6022
6022
6022
6038
6038
6038
6042
6042
6042
6053
6054
6054
6054
6058
6058
6058
6062
6062
6062
6068
6068
6070
6070
6070
6088
6089
6089
6092
6092
6092
6092
6093
6102
6111
6112
6112
6118
6118
6119
6122
6122
6122
6122
6123
6129
6129
6129
6132
6132
6132
6138
6138
6139
6141
6142
6142
6152
6152
6162
6162
6165
6165
6166
6166
6166
6166
6167
6170
6172
6172
6182
6182
6182
6182
6188
6188
6192
6192
6198
6198
6199
6199
6200
6200
6208
6208
6208
6208
6218
6218
6222
6222
6222
6222
6228
6228
6229
6229
6231
6232
6238
6238
6241
6242
6242
6259
6259
6259
6259
6260
6260
6260
6262
6268
6268
6268
6272
6277
6277
6282
6282
6282
6288
6288
6288
6291
6292
6292
6298
6298
6298
6298
6301
6302
6308
6308
6309
6312
6318
6318
6322
6322
6322
6342
6342
6342
6342
6348
6348
6348
6349
6351
6352
6352
6358
6358
6359
6359
6361
6368
6368
6368
6371
6371
6372
6382
6382
6382
6392
6392
6398
6400
6401
6402
6402
6402
6412
6412
6412
6412
6428
6428
6432
6432
6432
6438
6438
6438
6439
6439
6442
6448
6448
6451
6452
6452
6468
6468
6469
6469
6471
6482
6482
6482
6492
6492
6492
6492
6501
6501
6507
6507
6507
6507
6511
6512
6512
6518
6518
6519
6522
6522
6522
6528
6528
6528
6530
6531
6532
6541
6542
6542
6548
6551
6552
6552
6558
6558
6558
6559
6560
6561
6568
6568
6568
6571
6578
6578
6582
6582
6582
6588
6588
6589
6589
6592
6598
6598
6598
6598
6618
6618
6619
6619
6619
6619
6620
6621
6628
6628
6629
6629
6631
6631
6641
6642
6642
6642
6648
6648
6648
6651
6652
6652
6658
6658
6660
6660
6661
6662
6668
6668
6668
6671
6678
6678
6682
6682
6688
6688
6688
6689
6690
6691
6698
6698
6698
6701
6708
6708
6711
6712
6712
6712
6718
6718
6721
6722
6722
6722
6728
6728
6731
6731
6737
6741
6742
6742
6743
6743
6744
6748
6749
6751
6758
6758
6758
6760
6762
6762
6771
6772
6778
6778
6778
6781
6782
6788
6788
6788
6789
6789
6792
6798
6798
6798
6801
6808
6811
6812
6812
6812
6818
6818
6819
6819
6820
6821
6828
6828
6828
6831
6831
6831
6842
6842
6848
6848
6848
6848
6852
6852
6858
6858
6860
6860
6862
6862
6871
6872
6881
6882
6888
6888
6890
6890
6892
6892
6892
6898
6898
6898
6902
6908
6908
6911
6912
6912
6918
6918
6920
6920
6921
6922
6928
6928
6931
6931
6938
6938
6942
6942
6942
6948
6948
6949
6951
6952
6952
6971
6972
6972
6972
6978
6978
6978
6979
6979
6981
6982
6991
6991
7002
7002
7002
7002
7012
7012
7021
7022
7022
7022
7022
7028
7028
7028
7031
7041
7042
7042
7048
7048
7049
7049
7050
7050
7050
7051
7058
7058
7058
7058
7061
7078
7078
7078
7079
7079
7079
7079
7081
7082
7088
7088
7088
7090
7091
7092
7101
7102
7102
7120
7120
7121
7121
7121
7126
7127
7127
7127
7131
7132
7132
7141
7148
7149
7150
7150
7150
7150
7151
7151
7158
7158
7158
7158
7168
7168
7171
7172
7172
7178
7178
7178
7179
7179
7181
7181
7188
7188
7191
7191
7192
7201
7202
7202
7208
7208
7208
7211
7212
7212
7216
7216
7217
7220
7221
7221
7231
7231
7232
7238
7238
7238
7241
7241
7242
7242
7248
7248
7249
7250
7257
7257
7258
7258
7268
7268
7271
7271
7272
7272
7288
7288
7288
7288
7289
7289
7289
7291
7301
7308
7309
7309
7309
7311
7312
7312
7331
7331
7332
7332
7341
7342
7342
7342
7347
7348
7348
7350
7351
7351
7352
7352
7352
7361
7371
7374
7374
7375
7375
7378
7378
7378
7379
7380
7380
7381
7387
7388
7391
7401
7408
7408
7410
7410
7411
7412
7412
7417
7418
7418
7421
7421
7427
7431
7432
7432
7438
7438
7438
7441
7442
7442
7448
7448
7448
7448
7451
7451
7461
7461
7462
7462
7471
7478
7479
7480
7480
7480
7480
7481
7487
7488
7488
7491
7508
7508
7508
7508
7509
7509
7509
7511
7511
7512
7521
7521
7534
7534
7534
7534
7535
7535
7536
7536
7539
7539
7551
7551
7552
7552
7563
7563
7568
7568
7568
7568
7569
7569
7571
7571
7577
7577
7578
7578
7598
7598
7599
7599
7599
7599
7600
7601
7601
7602
7608
7608
7609
7610
7611
7617
7618
7618
7621
7621
7628
7631
7631
7632
7638
7638
7638
7639
7641
7641
7651
7661
7662
7667
7668
7668
7668
7668
7671
7671
7672
7677
7678
7678
7680
7681
7691
7691
7692
7692
7698
7698
7698
7701
7701
7702
7707
7707
7708
7708
7710
7711
7721
7721
7722
7728
7728
7731
7731
7732
7738
7738
7739
7739
7741
7741
7742
7748
7748
7748
7752
7752
7761
7761
7762
7767
7768
7768
7769
7769
7771
7777
7778
7778
7781
7787
7788
7791
7791
7792
7798
7798
7798
7798
7801
7801
7807
7807
7808
7810
7811
7811
7821
7821
7822
7822
7823
7828
7828
7828
7837
7837
7838
7838
7839
7847
7848
7848
7851
7858
7858
7858
7861
7861
7867
7868
7868
7869
7871
7871
7881
7881
7891
7897
7898
7898
7898
7899
7901
7901
7902
7908
7908
7908
7911
7911
7921
7921
7922
7922
7928
7928
7931
7931
7932
7932
7937
7938
7938
7940
7941
7941
7950
7950
7950
7952
7968
7969
7970
7971
7971
7971
7972
7977
7978
7978
7981
7987
7988
7991
7991
7992
8001
8001
8007
8008
8011
8017
8017
8018
8018
8018
8021
8021
8027
8027
8031
8031
8032
8041
8041
8051
8058
8058
8059
8059
8059
8059
8061
8061
8062
8068
8068
8068
8069
8071
8077
8077
8078
8078
8081
8088
8088
8091
8091
8092
8097
8098
8098
8099
8099
8101
8107
8108
8111
8118
8121
8121
8122
8129
8130
8130
8131
8131
8132
8141
8141
8142
8158
8158
8158
8158
8159
8159
8159
8161
8161
8162
8167
8167
8168
8170
8171
8171
8181
8181
8182
8197
8199
8199
8200
8201
8211
8211
8212
8212
8224
8224
8224
8224
8228
8228
8228
8229
8229
8229
8237
8238
8238
8238
8241
8247
8251
8251
8251
8252
8257
8258
8258
8261
8261
8261
8268
8268
8268
8270
8271
8271
8281
8281
8284
8284
8284
8288
8288
8291
8297
8297
8299
8300
8301
8301
8307
8308
8311
8317
8318
8321
8321
8322
8324
8324
8324
8329
8331
8337
8337
8338
8341
8341
8348
8348
8351
8351
8357
8357
8358
8359
8359
8361
8367
8367
8368
8368
8371
8371
8371
8381
8381
8381
8387
8387
8388
8388
8391
8398
8398
8398
8400
8400
8400
8411
8411
8412
8417
8418
8418
8421
8421
8421
8427
8427
8429
8431
8438
8438
8438
8441
8447
8447
8451
8451
8457
8457
8458
8458
8459
8461
8467
8467
8468
8471
8477
8478
8481
8481
8482
8491
8491
8497
8500
8500
8501
8501
8502
8502
8511
8511
8511
8512
8521
8521
8531
8531
8536
8536
8536
8537
8537
8541
8541
8541
8547
8547
8548
8551
8551
8557
8558
8558
8559
8559
8561
8568
8568
8568
8578
8578
8581
8581
8581
8587
8588
8588
8589
8589
8591
8597
8597
8598
8601
8601
8611
8611
8612
8617
8618
8618
8621
8621
8627
8627
8628
8630
8631
8631
8641
8641
8642
8647
8648
8648
8651
8651
8651
8657
8657
8657
8661
8678
8681
8681
8681
8682
8682
8682
8682
8687
8688
8688
8689
8689
8691
8697
8697
8698
8701
8701
8707
8707
8711
8711
8712
8717
8717
8719
8719
8721
8728
8728
8730
8730
8731
8741
8741
8741
8747
8747
8748
8751
8761
8761
8771
8771
8771
8772
8772
8772
8777
8778
8778
8781
8781
8781
8787
8788
8789
8789
8791
8797
8797
8797
8807
8807
8811
8811
8811
8811
8817
8817
8819
8819
8821
8827
8827
8828
8837
8837
8841
8841
8841
8847
8848
8848
8851
8851
8851
8857
8857
8857
8861
8861
8871
8871
8871
8877
8878
8878
8881
8881
8881
8882
8887
8887
8888
8890
8890
8891
8901
8901
8901
8908
8911
8911
8911
8912
8918
8918
8919
8919
8921
8921
8927
8927
8931
8931
8937
8941
8941
8941
8947
8947
8947
8948
8949
8951
8957
8957
8960
8960
8961
8971
8971
8971
8981
8981
8981
8981
8990
8991
8991
9001
9001
9001
9002
9002
9007
9007
9007
9011
9011
9011
9017
9017
9017
9019
9019
9027
9027
9031
9037
9037
9041
9041
9041
9047
9047
9048
9049
9049
9051
9057
9057
9057
9061
9067
9068
9071
9071
9071
9078
9078
9081
9081
9081
9087
9087
9087
9090
9096
9096
9101
9101
9101
9107
9107
9111
9111
9111
9111
9117
9117
9119
9121
9121
9131
9131
9131
9137
9137
9138
9138
9141
9141
9156
9156
9156
9157
9158
9158
9158
9161
9167
9171
9171
9177
9177
9178
9179
9179
9181
9187
9187
9187
9191
9197
9197
9201
9201
9201
9207
9207
9208
9211
9211
9221
9221
9221
9222
9222
9222
9231
9231
9231
9247
9247
9247
9248
9248
9248
9249
9249
9251
9257
9257
9258
9261
9267
9267
9268
9271
9271
9277
9277
9278
9278
9279
9279
9287
9287
9287
9291
9301
9301
9308
9308
9308
9309
9311
9311
9311
9317
9317
9317
9321
9337
9337
9338
9341
9341
9341
9341
9342
9347
9347
9347
9350
9351
9351
9361
9361
9361
9367
9368
9368
9371
9371
9377
9377
9378
9379
9379
9379
9381
9388
9388
9388
9391
9398
9398
9401
9401
9401
9407
9407
9407
9409
9409
9411
9421
9431
9431
9437
9438
9438
9438
9441
9441
9441
9442
9447
9447
9447
9448
9451
9451
9451
9461
9461
9461
9467
9467
9467
9471
9471
9471
9477
9477
9478
9479
9481
9491
9491
9497
9497
9501
9501
9501
9507
9507
9507
9508
9509
9509
9517
9517
9517
9518
9521
9537
9538
9538
9538
9538
9539
9541
9541
9541
9548
9548
9550
9550
9551
9567
9571
9571
9571
9571
9572
9572
9572
9572
9581
9581
9591
9597
9598
9598
9598
9598
9599
9601
9601
9601
9607
9607
9609
9611
9617
9617
9617
9621
9627
9627
9631
9631
9631
9631
9637
9637
9638
9639
9641
9647
9647
9647
9651
9657
9657
9661
9661
9661
9667
9667
9667
9671
9671
9671
9680
9680
9680
9686
9686
9691
9691
9691
9697
9698
9701
9701
9701
9707
9707
9709
9711
9711
9721
9721
9721
9721
9727
9727
9731
9731
9737
9737
9739
9739
9747
9747
9747
9747
9757
9757
9761
9761
9761
9767
9767
9767
9768
9769
9771
9777
9777
9778
9781
9781
9791
9791
9791
9791
9797
9797
9798
9801
9801
9807
9807
9807
9810
9810
9811
9821
9821
9821
9822
9822
9822
9827
9827
9831
9837
9837
9838
9839
9839
9847
9847
9847
9851
9868
9869
9869
9869
9869
9877
9877
9877
9878
9878
9881
9887
9887
9890
9891
9891
9897
9897
9897
9898
9900
9907
9907
9907
9907
9910
9916
9916
9921
9921
9921
9927
9927
9931
9931
9937
9937
9937
9941
9957
9957
9957
9958
9958
9958
9961
9961
9961
9967
9967
9969
9969
9969
9991
9991
9991
9991
9997
9997
9998
9998
9998
9998
10001
10001
10011
10017
10018
10018
10019
10021
10021
10021
10027
10027
10028
10031
10031
10031
10037
10037
10037
10037
10040
10041
10050
10051
10057
10057
10057
10057
10061
10061
10067
10067
10067
10068
10069
10069
10081
10081
10081
10087
10087
10090
10091
10091
10101
10107
10107
10107
10108
10108
10108
10108
10111
10117
10117
10121
10121
10121
10127
10128
10128
10131
10131
10131
10137
10137
10137
10140
10140
10141
10151
10151
10151
10151
10157
10157
10160
10161
10161
10161
10167
10167
10167
10169
10170
10171
10180
10181
10181
10187
10188
10188
10191
10191
10191
10197
10197
10197
10199
10199
10207
10207
10207
10210
10217
10217
10221
10221
10224
10224
10225
10228
10229
10230
10237
10237
10240
10247
10247
10250
10251
10251
10257
10257
10257
10258
10258
10258
10267
10267
10267
10267
10270
10276
10276
10280
10281
10281
10287
10287
10290
10291
10291
10296
10297
10297
10300
10301
10301
10310
10311
10311
10321
10327
10328
10329
10330
10331
10337
10337
10338
10340
10347
10350
10351
10351
10357
10357
10357
10360
10361
10370
10380
10381
10381
10381
10381
10382
10382
10382
10387
10387
10387
10391
10391
10397
10397
10397
10399
10400
10400
10411
10411
10427
10427
10427
10427
10428
10428
10429
10429
10431
10437
10437
10437
10447
10447
10447
10450
10451
10451
10461
10461
10470
10471
10477
10477
10478
10478
10478
10478
10481
10481
10487
10487
10487
10488
10488
10490
10497
10497
10500
10500
10501
10501
10521
10521
10521
10521
10522
10522
10530
10530
10537
10537
10537
10537
10540
10541
10541
10547
10547
10547
10551
10551
10551
10557
10557
10558
10561
10567
10567
10567
10577
10577
10580
10581
10581
10587
10587
10587
10588
10588
10590
10590
10597
10597
10600
10600
10607
10607
10611
10611
10611
10620
10621
10621
10630
10635
10636
10636
10636
10636
10637
10637
10641
10647
10650
10657
10657
10657
10658
10658
10660
10660
10677
10680
10681
10681
10681
10681
10689
10689
10691
10691
10691
10691
10692
10697
10697
10697
10700
10707
10707
10710
10720
10720
10725
10726
10726
10726
10730
10730
10731
10731
10736
10740
10741
10741
10747
10747
10747
10747
10750
10750
10757
10757
10759
10759
10760
10761
10770
10771
10777
10777
10777
10777
10780
10781
10781
10786
10787
10787
10789
10790
10791
10797
10797
10800
10807
10807
10810
10811
10817
10817
10818
10818
10820
10820
10827
10827
10830
10837
10837
10840
10841
10841
10847
10847
10847
10847
10850
10851
10856
10857
10857
10859
10860
10861
10870
10871
10877
10877
10877
10880
10881
10881
10900
10900
10901
10901
10901
10902
10902
10906
10907
10907
10910
10920
10927
10927
10927
10927
10928
10928
10930
10937
10937
10940
10941
10941
10947
10947
10947
10947
10948
10948
10956
10957
10957
10957
10960
10960
10970
10971
10977
10977
10980
10980
10981
10987
10987
10987
10990
10990
10991
11000
11001
11001
11007
11007
11008
11010
11011
11011
11020
11021
11030
11030
11037
11037
11037
11038
11038
11040
11041
11041
11047
11047
11048
11048
11050
11056
11057
11057
11060
11067
11067
11070
11071
11077
11077
11077
11078
11080
11086
11087
11087
11090
11107
11107
11108
11108
11110
11110
11117
11117
11120
11121
11130
11131
11131
11131
11137
11137
11138
11138
11140
11140
11147
11147
11148
11148
11149
11150
11170
11170
11171
11177
11177
11177
11178
11178
11178
11180
11180
11181
11186
11187
11190
11196
11197
11200
11200
11201
11210
11211
11219
11220
11220
11221
11230
11230
11231
11231
11237
11237
11240
11240
11241
11250
11250
11251
11261
11261
11262
11262
11266
11267
11267
11267
11270
11277
11277
11277
11278
11278
11280
11286
11287
11290
11300
11300
11308
11308
11310
11310
11311
11311
11311
11330
11330
11331
11336
11337
11337
11337
11340
11341
11346
11347
11347
11350
11370
11370
11371
11371
11371
11371
11377
11377
11377
11377
11378
11378
11379
11380
11386
11387
11390
11397
11397
11400
11400
11401
11406
11407
11407
11408
11410
11416
11417
11420
11420
11430
11437
11438
11438
11440
11446
11447
11447
11447
11449
11450
11467
11470
11470
11471
11471
11471
11471
11477
11477
11477
11477
11480
11480
11490
11490
11491
11491
11497
11497
11500
11500
11501
11506
11508
11508
11510
11517
11517
11517
11520
11527
11527
11530
11530
11531
11537
11537
11540
11540
11550
11550
11557
11557
11557
11557
11560
11560
11561
11566
11567
11567
11570
11570
11576
11576
11577
11579
11580
11580
11590
11590
11600
11600
11607
11607
11607
11609
11610
11610
11620
11620
11630
11633
11637
11637
11637
11638
11638
11638
11640
11640
11641
11647
11647
11647
11650
11650
11657
11657
11660
11660
11666
11667
11667
11667
11668
11668
11670
11677
11677
11677
11680
11680
11690
11690
11700
11700
11707
11707
11707
11707
11708
11708
11709
11710
11710
11720
11720
11721
11726
11726
11727
11730
11730
11750
11750
11751
11751
11751
11757
11757
11757
11757
11760
11760
11760
11766
11767
11767
11768
11768
11770
11776
11777
11777
11780
11786
11790
11790
11791
11797
11797
11797
11800
11800
11801
11806
11806
11807
11810
11810
11820
11820
11821
11821
11821
11822
11827
11827
11830
11836
11837
11837
11839
11839
11840
11840
11850
11850
11851
11856
11857
11860
11860
11861
11866
11866
11867
11867
11868
11868
11877
11877
11877
11877
11880
11890
11890
11900
11900
11901
11906
11906
11907
11907
11907
11907
11910
11916
11916
11920
11920
11920
11926
11927
11927
11930
11930
11931
11936
11937
11937
11939
11939
11940
11950
11950
11951
11957
11957
11957
11960
11960
11960
11966
11966
11967
11986
11986
11987
11990
11990
11996
11997
11997
11997
11998
12000
12000
12006
12006
12007
12010
12016
12017
12020
12020
12026
12026
12027
12027
12028
12030
12036
12036
12037
12039
12040
12040
12050
12050
12050
12056
12057
12057
12060
12060
12066
12066
12067
12069
12070
12070
12080
12080
12086
12086
12087
12090
12090
12096
12098
12098
12100
12107
12107
12107
12110
12117
12120
12120
12124
12124
12136
12137
12140
12140
12140
12141
12141
12141
12146
12150
12150
12150
12156
12157
12157
12157
12160
12160
12161
12166
12167
12167
12169
12170
12180
12180
12180
12186
12186
12187
12190
12190
12196
12196
12197
12198
12200
12200
12206
12206
12210
12216
12220
12220
12228
12230
12230
12230
12231
12231
12236
12236
12237
12240
12246
12247
12250
12250
12260
12260
12266
12267
12270
12276
12277
12277
12277
12280
12280
12280
12286
12286
12287
12290
12290
12290
12296
12297
12297
12299
12300
12300
12310
12310
12311
12316
12316
12320
12320
12320
12330
12336
12340
12340
12340
12341
12341
12346
12350
12350
12356
12356
12357
12358
12358
12358
12366
12366
12367
12370
12376
12376
12380
12380
12386
12386
12387
12387
12387
12390
12396
12396
12397
12399
12400
12400
12410
12410
12410
12416
12416
12417
12420
12420
12420
12426
12427
12428
12430
12430
12440
12440
12440
12456
12456
12457
12457
12457
12457
12460
12460
12466
12466
12467
12470
12477
12477
12480
12480
12486
12486
12487
12487
12488
12490
12496
12496
12499
12500
12500
12510
12510
12510
12516
12517
12517
12520
12520
12520
12526
12526
12527
12529
12530
12530
12540
12540
12556
12556
12557
12557
12559
12559
12560
12560
12566
12566
12570
12570
12576
12580
12580
12580
12587
12587
12587
12587
12590
12590
12596
12597
12597
12600
12606
12607
12610
12610
12610
12620
12626
12626
12629
12630
12630
12640
12640
12640
12641
12641
12646
12646
12647
12650
12650
12656
12656
12656
12658
12660
12660
12670
12670
12670
12676
12677
12677
12680
12680
12680
12686
12686
12688
12690
12696
12696
12700
12706
12707
12710
12710
12710
12720
12726
12726
12727
12727
12727
12727
12728
12730
12740
12740
12748
12748
12748
12748
12748
12749
12749
12750
12756
12757
12757
12759
12759
12760
12760
12770
12770
12776
12776
12777
12780
12780
12786
12786
12786
12790
12790
12800
12800
12801
12801
12810
12810
12810
12810
12816
12817
12818
12818
12820
12826
12826
12826
12830
12836
12836
12840
12840
12846
12846
12847
12847
12848
12850
12860
12870
12870
12876
12876
12877
12877
12880
12880
12890
12890
12900
12900
12901
12901
12910
12910
12916
12916
12917
12917
12917
12918
12920
12926
12926
12926
12936
12936
12940
12940
12946
12946
12947
12948
12948
12948
12956
12956
12960
12960
12966
12970
12970
12970
12976
12976
12980
12980
12980
12986
12986
12989
12990
12990
13000
13000
13000
13006
13006
13006
13010
13010
13010
13010
13016
13016
13017
13019
13020
13020
13030
13030
13036
13036
13040
13040
13040
13040
13047
13047
13047
13048
13048
13050
13060
13060
13070
13080
13080
13080
13081
13081
13089
13090
13090
13090
13090
13096
13100
13100
13100
13100
13101
13101
13106
13106
13110
13110
13110
13110
13116
13116
13119
13119
13120
13120
13130
13130
13136
13136
13136
13140
13140
13140
13146
13146
13146
13148
13150
13150
13156
13156
13160
13160
13166
13166
13170
13170
13176
13176
13176
13177
13178
13180
13186
13186
13186
13189
13196
13196
13200
13200
13200
13206
13206
13206
13207
13208
13210
13216
13216
13217
13220
13220
13220
13230
13230
13230
13236
13236
13240
13240
13246
13246
13246
13248
13250
13250
13260
13260
13260
13276
13277
13277
13278
13278
13278
13278
13280
13286
13286
13286
13290
13296
13300
13300
13300
13300
13306
13306
13307
13308
13310
13316
13316
13320
13326
13326
13330
13330
13330
13336
13336
13337
13340
13340
13346
13346
13346
13346
13350
13350
13367
13367
13368
13370
13370
13370
13376
13376
13378
13378
13380
13390
13390
13390
13396
13396
13400
13400
13406
13406
13406
13408
13408
13410
13427
13427
13430
13430
13430
13430
13431
13431
13436
13436
13440
13440
13450
13460
13460
13460
13466
13466
13466
13466
13470
13470
13476
13476
13476
13478
13479
13490
13490
13490
13496
13496
13496
13500
13500
13500
13516
13516
13530
13530
13530
13530
13536
13536
13537
13537
13537
13538
13538
13540
13540
13540
13546
13546
13550
13550
13556
13560
13560
13566
13566
13566
13570
13570
13570
13570
13576
13576
13577
13579
13580
13580
13590
13590
13600
13600
13608
13608
13609
13609
13610
13620
13620
13620
13630
13630
13640
13640
13640
13640
13641
13641
13650
13656
13656
13656
13657
13657
13659
13660
13660
13660
13666
13666
13670
13680
13680
13680
13690
13690
13690
13690
13691
13700
13704
13704
13705
13705
13705
13706
13706
13706
13710
13710
13720
13720
13726
13726
13726
13729
13730
13730
13736
13736
13738
13738
13760
13760
13760
13760
13766
13766
13766
13767
13769
13786
13786
13786
13787
13787
13787
13787
13790
13790
13790
13796
13796
13796
13797
13799
13806
13806
13806
13809
13810
13810
13820
13820
13826
13826
13826
13829
13830
13830
13836
13836
13838
13838
13840
13840
13857
13858
13858
13858
13858
13859
13859
13866
13867
13868
13870
13876
13876
13877
13879
13880
13886
13886
13890
13890
13896
13896
13896
13897
13899
13906
13906
13906
13909
13909
13916
13916
13920
13920
13920
13926
13926
13926
13930
13930
13930
13939
13949
13950
13950
13956
13956
13956
13957
13957
13959
13960
13960
13960
13966
13966
13968
13969
13976
13976
13979
13980
13986
13986
13990
13990
13999
14006
14006
14006
14007
14007
14007
14007
14016
14016
14019
14020
14020
14026
14026
14027
14028
14029
14036
14036
14039
14039
14040
14040
14050
14050
14056
14056
14056
14059
14060
14060
14066
14066
14066
14069
14086
14086
14086
14086
14087
14087
14087
14089
14090
14090
14096
14096
14098
14098
14100
14106
14106
14106
14116
14116
14119
14120
14120
14126
14126
14126
14127
14127
14129
14135
14136
14136
14139
14146
14146
14149
14150
14150
14156
14156
14156
14157
14158
14158
14166
14166
14166
14169
14175
14175
14179
14179
14180
14180
14186
14186
14190
14190
14190
14196
14196
14196
14199
14200
14220
14220
14220
14220
14221
14226
14226
14228
14230
14230
14230
14230
14236
14236
14239
14239
14246
14246
14249
14250
14256
14256
14256
14257
14259
14259
14266
14266
14269
14269
14270
14279
14280
14280
14286
14286
14286
14287
14289
14296
14296
14296
14299
14299
14309
14309
14310
14316
14316
14316
14319
14320
14326
14326
14326
14328
14329
14349
14350
14350
14356
14356
14356
14356
14357
14357
14359
14360
14376
14379
14380
14380
14380
14380
14381
14381
14386
14386
14389
14390
14390
14396
14396
14396
14399
14399
14409
14409
14410
14410
14416
14416
14419
14420
14420
14426
14426
14426
14429
14429
14439
14440
14440
14446
14446
14446
14449
14450
14456
14456
14459
14459
14460
14476
14479
14480
14480
14480
14480
14481
14486
14486
14486
14487
14487
14489
14496
14496
14496
14499
14506
14506
14509
14510
14510
14519
14526
14526
14529
14529
14535
14535
14535
14535
14539
14540
14546
14546
14546
14546
14549
14550
14550
14556
14556
14556
14558
14558
14558
14579
14580
14580
14580
14580
14581
14581
14586
14586
14587
14587
14589
14595
14596
14599
14606
14606
14609
14610
14610
14616
14616
14616
14617
14617
14619
14629
14639
14639
14640
14640
14640
14640
14646
14646
14646
14646
14649
14650
14655
14656
14656
14656
14659
14659
14669
14669
14670
14676
14676
14677
14679
14680
14685
14686
14686
14687
14689
14695
14696
14696
14699
14699
14706
14706
14709
14710
14710
14716
14716
14716
14717
14717
14725
14726
14726
14729
14736
14736
14739
14740
14745
14746
14746
14747
14749
14755
14756
14756
14758
14759
14760
14769
14770
14770
14776
14776
14776
14779
14780
14780
14785
14786
14786
14788
14789
14790
14799
14799
14800
14806
14806
14809
14810
14810
14816
14816
14816
14817
14818
14819
14826
14826
14826
14829
14836
14836
14839
14840
14840
14845
14846
14846
14847
14847
14855
14856
14856
14856
14859
14859
14869
14869
14876
14876
14876
14876
14879
14880
14880
14885
14886
14886
14889
14905
14906
14909
14910
14910
14910
14910
14916
14916
14916
14917
14918
14925
14926
14929
14936
14936
14939
14940
14940
14945
14946
14946
14948
14948
14949
14955
14956
14956
14966
14966
14969
14969
14976
14976
14976
14979
14979
14980
14986
14986
14986
14988
14989
14999
14999
15000
15005
15006
15006
15006
15009
15009
15010
15015
15016
15018
15019
15019
15029
15029
15030
15036
15036
15036
15039
15039
15059
15060
15060
15060
15060
15060
15072
15072
15072
15072
15076
15076
15076
15076
15077
15077
15079
15086
15086
15086
15089
15105
15106
15106
15106
15107
15107
15109
15109
15110
15115
15116
15116
15118
15119
15129
15129
15130
15136
15136
15136
15139
15139
15140
15146
15146
15146
15148
15149
15149
15159
15160
15165
15166
15166
15169
15169
15176
15176
15176
15177
15177
15179
15189
15199
15199
15200
15200
15200
15200
15206
15206
15207
15207
15207
15209
15215
15216
15216
15218
15219
15219
15226
15226
15226
15243
15244
15245
15246
15246
15246
15246
15249
15249
15249
15250
15259
15259
15265
15266
15266
15269
15269
15270
15285
15285
15286
15286
15286
15286
15289
15289
15296
15296
15299
15299
15300
15306
15306
15306
15307
15307
15316
15316
15316
15319
15326
15326
15329
15329
15335
15335
15336
15337
15337
15339
15345
15345
15346
15349
15366
15366
15366
15366
15367
15367
15369
15369
15369
15375
15376
15376
15378
15379
15396
15396
15396
15396
15397
15397
15399
15399
15405
15405
15409
15425
15426
15426
15426
15427
15427
15427
15429
15429
15430
15436
15436
15436
15437
15437
15445
15445
15446
15446
15449
15449
15459
15459
15466
15466
15466
15469
15475
15476
15476
15476
15479
15479
15489
15489
15490
15495
15496
15496
15499
15499
15500
15505
15506
15506
15508
15508
15519
15519
15520
15525
15526
15529
15529
15529
15545
15545
15546
15546
15549
15555
15556
15556
15559
15559
15569
15569
15570
15579
15579
15589
15589
15589
15591
15591
15591
15592
15595
15595
15596
15596
15599
15599
15600
15619
15619
15619
15626
15626
15626
15626
15627
15627
15627
15629
15629
15629
15639
15639
15649
15655
15656
15656
15659
15659
15660
15660
15660
15665
15666
15666
15667
15669
15675
15675
15676
15679
15685
15685
15689
15689
15689
15695
15696
15696
15699
15709
15719
15719
15719
15720
15720
15720
15726
15726
15729
15729
15735
15735
15736
15738
15739
15739
15749
15749
15755
15755
15759
15759
15765
15765
15766
15766
15767
15767
15769
15776
15776
15776
15786
15786
15789
15789
15790
15790
15796
15796
15797
15797
15799
15815
15816
15816
15819
15819
15820
15820
15820
15821
15821
15821
15826
15826
15835
15835
15836
15838
15839
15839
15849
15849
15859
15869
15869
15869
15870
15870
15870
15886
15886
15886
15886
15886
15887
15887
15889
15889
15896
15896
15896
15897
15897
15899
15905
15905
15909
15909
15926
15926
15926
15927
15929
15935
15936
15936
15938
15939
15939
15949
15949
15949
15963
15963
15963
15963
15964
15964
15964
15980
15980
15980
15981
15981
15982
15982
15989
15999
16005
16005
16006
16006
16006
16007
16007
16009
16013
16015
16019
16021
16023
16025
16026
16028
16032
16032
16034
16034
16051
16051
16052
16052
16052
16053
16055
16057
16059
16059
16062
16062
16066
16067
16069
16082
16085
16085
16086
16086
16086
16086
16087
16087
16091
16091
16096
16098
16101
16102
16104
16109
16115
16115
16119
16119
16119
16125
16126
16126
16128
16129
16129
16139
16139
16139
16159
16159
16160
16160
16160
16160
16169
16175
16176
16176
16179
16179
16179
16195
16195
16196
16199
16199
16205
16205
16209
16209
16215
16215
16216
16216
16219
16234
16234
16235
16235
16235
16235
16236
16239
16239
16245
16245
16246
16246
16249
16249
16255
16255
16256
16256
16276
16276
16276
16276
16277
16277
16277
16279
16279
16285
16287
16287
16289
16295
16295
16295
16299
16305
16309
16309
16309
16325
16325
16326
16326
16326
16326
16328
16335
16335
16339
16339
16339
16339
16345
16345
16349
16349
16349
16355
16355
16355
16358
16359
16359
16369
16369
16369
16379
16385
16385
16385
16386
16386
16386
16387
16405
16405
16409
16409
16409
16415
16415
16416
16416
16416
16417
16417
16419
16425
16426
16426
16436
16436
16439
16439
16439
16445
16445
16446
16446
16447
16449
16458
16458
16458
16465
16465
16469
16469
16469
16469
16475
16475
16479
16479
16485
16485
16488
16488
16489
16489
16499
16499
16505
16505
16506
16506
16509
16509
16515
16515
16515
16517
16519
16529
16539
16539
16539
16539
16540
16540
16545
16545
16545
16546
16547
16547
16549
16569
16569
16569
16570
16570
16570
16570
16575
16575
16576
16576
16579
16579
16585
16585
16586
16588
16594
16594
16599
16599
16599
16605
16605
16609
16609
16609
16615
16615
16617
16617
16618
16629
16629
16629
16635
16635
16639
16639
16649
16649
16655
16655
16665
16665
16666
16666
16666
16669
16669
16669
16675
16675
16676
16676
16676
16677
16685
16685
16685
16688
16689
16689
16699
16699
16699
16699
16705
16705
16706
16706
16709
16715
16715
16716
16718
16719
16719
16729
16729
16729
16736
16736
16736
16739
16739
16739
16745
16745
16747
16747
16755
16755
16755
16756
16765
16765
16769
16769
16769
16775
16775
16776
16777
16779
16789
16799
16799
16805
16805
16805
16809
16809
16809
16810
16815
16815
16818
16818
16819
16829
16829
16829
16839
16839
16839
16848
16854
16854
16854
16854
16855
16855
16859
16859
16865
16865
16865
16866
16869
16869
16875
16875
16877
16877
16879
16885
16885
16886
16889
16895
16896
16899
16899
16899
16905
16905
16906
16906
16907
16909
16915
16915
16918
16919
16919
16929
16929
16929
16935
16935
16936
16936
16939
16939
16945
16945
16948
16948
16949
16959
16966
16969
16969
16969
16969
16970
16975
16975
16975
16977
16979
16979
16985
16985
16989
16989
16995
16995
16999
16999
17005
17005
17005
17006
17007
17009
17015
17015
17019
17019
17025
17025
17029
17029
17029
17049
17049
17049
17049
17055
17055
17055
17056
17056
17056
17059
17059
17059
17078
17078
17078
17078
17083
17084
17084
17084
17089
17089
17089
17095
17095
17095
17099
17099
17099
17105
17105
17105
17107
17109
17115
17115
17119
17125
17125
17129
17129
17129
17135
17135
17135
17136
17136
17137
17145
17145
17145
17148
17155
17155
17159
17159
17159
17165
17165
17165
17169
17169
17179
17179
17189
17189
17189
17195
17195
17195
17196
17196
17199
17199
17209
17209
17209
17225
17225
17226
17226
17226
17226
17227
17229
17229
17235
17235
17236
17238
17239
17245
17245
17245
17249
17255
17255
17259
17259
17259
17265
17265
17265
17266
17266
17269
17275
17275
17275
17278
17279
17279
17289
17295
17299
17305
17305
17305
17306
17306
17306
17306
17308
17309
17319
17319
17319
17325
17325
17325
17329
17329
17329
17329
17339
17339
17355
17355
17356
17356
17356
17356
17357
17358
17359
17359
17379
17379
17379
17379
17385
17385
17385
17386
17389
17389
17389
17395
17395
17395
17399
17399
17399
17405
17405
17405
17408
17409
17418
17419
17419
17425
17425
17425
17429
17429
17429
17429
17435
17435
17437
17438
17439
17449
17455
17455
17456
17456
17456
17457
17458
17465
17465
17466
17467
17468
17475
17475
17478
17485
17485
17488
17489
17489
17495
17495
17496
17496
17504
17505
17505
17508
17515
17518
17519
17519
17526
17526
17528
17529
17529
17537
17538
17538
17544
17545
17548
17549
17549
17555
17555
17555
17558
17559
17559
17565
17565
17567
17568
17569
17579
17579
17585
17585
17589
17589
17595
17595
17595
17595
17596
17597
17599
17608
17619
17619
17625
17625
17625
17625
17626
17626
17629
17629
17635
17635
17635
17635
17645
17645
17649
17649
17655
17655
17655
17658
17659
17659
17669
17679
17679
17679
17679
17680
17680
17680
17685
17685
17688
17689
17689
17695
17695
17695
17697
17698
17708
17718
17719
17719
17725
17725
17725
17725
17728
17745
17745
17745
17749
17749
17749
17749
17750
17755
17755
17756
17759
17759
17759
17765
17765
17765
17768
17768
17774
17778
17779
17779
17789
17789
17795
17795
17797
17797
17798
17798
17798
17798
17808
17809
17809
17815
17815
17815
17818
17819
17834
17835
17835
17835
17838
17838
17839
17839
17839
17845
17845
17848
17849
17858
17863
17863
17865
17865
17865
17866
17866
17866
17868
17875
17878
17879
17879
17898
17899
17899
17899
17899
17900
17908
17915
17915
17915
17916
17916
17916
17918
17919
17919
17924
17925
17927
17928
17929
17935
17935
17938
17955
17955
17958
17959
17959
17959
17965
17965
17965
17965
17968
17975
17975
17979
17979
17979
17984
17985
17986
17988
17989
17995
17995
17997
17998
18008
18008
18018
18018
18026
18026
18026
18027
18028
18029
18029
18029
18029
18038
18039
18039
18045
18045
18048
18049
18058
18065
18065
18065
18065
18066
18068
18068
18075
18075
18078
18079
18084
18085
18085
18085
18104
18105
18105
18105
18105
18106
18108
18108
18109
18115
18115
18118
18119
18128
18138
18138
18139
18139
18139
18140
18144
18145
18148
18148
18149
18155
18155
18155
18158
18158
18178
18178
18179
18185
18185
18185
18186
18186
18188
18188
18195
18195
18195
18195
18205
18205
18205
18208
18209
18209
18218
18225
18225
18225
18226
18226
18226
18226
18228
18228
18229
18238
18239
18239
18245
18245
18248
18248
18249
18254
18255
18255
18258
18258
18259
18268
18269
18269
18275
18275
18278
18278
18294
18295
18295
18295
18295
18296
18296
18296
18305
18305
18308
18308
18309
18309
18315
18315
18315
18316
18316
18318
18324
18325
18325
18328
18328
18340
18348
18349
18349
18355
18355
18355
18355
18355
18356
18357
18358
18358
18368
18368
18369
18383
18383
18383
18384
18385
18385
18385
18388
18405
18405
18405
18405
18406
18408
18408
18409
18409
18415
18415
18415
18416
18416
18418
18425
18425
18428
18428
18435
18438
18439
18439
18444
18445
18448
18448
18464
18465
18465
18465
18465
18466
18468
18469
18469
18475
18475
18475
18478
18479
18484
18484
18485
18487
18488
18488
18498
18499
18505
18505
18505
18508
18508
18509
18515
18515
18515
18518
18535
18538
18539
18539
18539
18539
18539
18544
18545
18545
18546
18548
18555
18555
18555
18558
18565
18565
18568
18569
18569
18575
18575
18576
18576
18578
18585
18585
18585
18588
18593
18594
18598
18598
18599
18599
18605
18605
18608
18608
18609
18614
18615
18615
18617
18618
18618
18628
18629
18629
18638
18639
18639
18647
18648
18648
18649
18649
18649
18649
18655
18655
18655
18658
18665
18665
18668
18669
18669
18675
18675
18675
18676
18676
18678
18684
18684
18685
18688
18694
18695
18698
18698
18699
18715
18715
18715
18715
18718
18718
18719
18730
18730
18731
18731
18734
18735
18735
18738
18738
18739
18744
18745
18745
18747
18748
18748
18758
18759
18759
18764
18765
18768
18768
18769
18775
18775
18775
18776
18776
18778
18788
18789
18789
18801
18801
18801
18802
18808
18808
18809
18815
18818
18818
18818
18818
18819
18819
18828
18828
18829
18829
18835
18835
18838
18838
18839
18844
18845
18845
18847
18848
18848
18858
18858
18859
18860
18860
18860
18865
18865
18865
18878
18878
18879
18888
18889
18889
18898
18898
18899
18899
18905
18905
18905
18906
18906
18908
18914
18915
18915
18918
18925
18925
18928
18928
18934
18934
18935
18935
18936
18938
18948
18948
18949
18949
18965
18965
18965
18968
18968
18969
18978
18978
18988
18988
18995
18995
18995
18995
18996
18996
18998
18998
19004
19005
19005
19006
19006
19008
19014
19014
19018
19025
19025
19028
19028
19029
19034
19034
19035
19036
19038
19038
19044
19045
19045
19048
19054
19054
19058
19058
19064
19064
19065
19068
19068
19069
19075
19075
19075
19077
19077
19078
19088
19088
19095
19095
19095
19098
19098
19098
19104
19105
19107
19107
19107
19118
19118
19119
19125
19125
19128
19128
19135
19135
19135
19136
19136
19138
19144
19144
19148
19155
19158
19158
19158
19164
19164
19165
19165
19168
19174
19175
19177
19178
19188
19188
19194
19194
19195
19198
19198
19198
19204
19204
19205
19207
19208
19208
19218
19218
19224
19224
19225
19228
19228
19229
19244
19244
19245
19245
19245
19245
19248
19248
19254
19255
19258
19258
19264
19264
19265
19266
19266
19268
19274
19275
19278
19278
19284
19288
19288
19288
19294
19294
19295
19295
19298
19304
19305
19305
19308
19308
19318
19318
19319
19324
19325
19325
19328
19328
19328
19334
19335
19335
19338
19338
19348
19348
19354
19354
19355
19355
19358
19358
19368
19368
19375
19378
19378
19378
19379
19379
19385
19385
19388
19388
19394
19395
19395
19396
19396
19396
19404
19404
19405
19408
19414
19414
19418
19418
19424
19424
19425
19428
19428
19428
19434
19434
19435
19437
19438
19438
19448
19448
19449
19449
19454
19454
19455
19458
19458
19459
19468
19475
19478
19484
19485
19485
19485
19485
19488
19488
19489
19494
19494
19495
19496
19496
19498
19498
19504
19505
19508
19508
19514
19515
19518
19518
19519
19533
19534
19534
19535
19535
19535
19535
19536
19536
19538
19538
19548
19548
19548
19554
19555
19555
19558
19558
19558
19559
19564
19565
19566
19567
19568
19578
19578
19578
19584
19584
19588
19588
19594
19594
19595
19595
19596
19598
19604
19604
19604
19605
19608
19614
19615
19618
19618
19625
19625
19625
19626
19626
19628
19638
19638
19638
19654
19654
19655
19655
19655
19655
19658
19658
19658
19664
19664
19665
19667
19668
19668
19678
19678
19678
19684
19684
19685
19688
19688
19688
19694
19694
19695
19696
19698
19698
19704
19704
19708
19714
19715
19718
19718
19718
19724
19724
19726
19726
19728
19734
19734
19734
19744
19744
19748
19748
19748
19754
19755
19755
19755
19756
19764
19764
19765
19767
19774
19774
19778
19778
19778
19779
19785
19785
19788
19788
19788
19794
19795
19795
19796
19798
19798
19798
19808
19808
19824
19824
19825
19826
19826
19826
19827
19827
19828
19834
19834
19838
19848
19848
19856
19856
19856
19857
19857
19857
19858
19858
19864
19864
19867
19868
19869
19878
19878
19878
19880
19880
19881
19885
19885
19888
19894
19894
19895
19897
19903
19903
19908
19908
19918
19918
19918
19918
19927
19928
19928
19928
19929
19929
19929
19929
19938
19938
19955
19955
19955
19958
19958
19958
19959
19959
19978
19978
19978
19978
19979
19979
19984
19984
19985
19985
19986
19988
19994
19994
19994
19997
19998
19998
20015
20015
20018
20018
20024
20024
20025
20025
20025
20027
20028
20028
20038
20038
20042
20042
20042
20044
20044
20048
20054
20054
20055
20056
20058
20064
20064
20064
20068
20074
20075
20075
20078
20078
20084
20084
20084
20088
20105
20105
20105
20105
20106
20106
20108
20108
20108
20114
20115
20115
20118
20118
20124
20124
20125
20127
20128
20128
20138
20138
20138
20144
20144
20145
20148
20148
20154
20154
20155
20156
20158
20158
20168
20168
20168
20174
20174
20174
20178
20178
20184
20184
20186
20186
20194
20194
20194
20195
20214
20214
20215
20216
20216
20218
20218
20224
20224
20224
20227
20234
20234
20238
20238
20238
20248
20248
20254
20257
20258
20258
20258
20268
20268
20268
20274
20274
20275
20278
20278
20278
20284
20284
20284
20286
20287
20287
20298
20298
20304
20304
20308
20308
20308
20314
20315
20315
20316
20316
20324
20324
20324
20328
20334
20334
20338
20338
20338
20338
20348
20348
20357
20358
20363
20363
20368
20368
20378
20378
20378
20384
20384
20384
20385
20385
20387
20387
20388
20388
20398
20398
20404
20404
20405
20408
20408
20408
20414
20414
20416
20418
20428
20438
20438
20438
20439
20439
20439
20439
20444
20444
20445
20445
20446
20448
20454
20454
20454
20457
20464
20464
20468
20468
20468
20474
20474
20475
20478
20478
20484
20484
20484
20488
20504
20504
20505
20505
20505
20505
20506
20508
20508
20508
20514
20514
20518
20518
20528
20528
20528
20534
20534
20534
20538
20538
20544
20544
20545
20546
20548
20554
20554
20555
20558
20564
20564
20568
20568
20568
20588
20588
20588
20588
20594
20594
20598
20598
20598
20605
20605
20605
20606
20606
20608
20614
20614
20614
20616
20618
20628
20628
20628
20628
20634
20634
20638
20638
20638
20648
20654
20658
20658
20668
20668
20668
20674
20674
20676
20676
20676
20676
20678
20684
20684
20688
20694
20694
20698
20698
20698
20698
20714
20714
20715
20717
20717
20717
20723
20723
20728
20728
20728
20738
20744
20744
20747
20748
20748
20748
20758
20758
20758
20764
20764
20764
20768
20768
20774
20774
20778
20778
20798
20798
20798
20798
20799
20808
20808
20808
20808
20809
20814
20817
20818
20818
20818
20818
20819
20819
20828
20828
20828
20834
20834
20834
20838
20838
20848
20848
20848
20848
20849
20849
20858
20858
20864
20864
20868
20868
20868
20870
20871
20871
20878
20894
20894
20895
20895
20895
20895
20897
20898
20898
20904
20905
20905
20906
20908
20914
20915
20915
20924
20924
20928
20928
20934
20934
20934
20935
20935
20938
20944
20944
20947
20948
20948
20958
20958
20958
20968
20968
20974
20974
20974
20974
20975
20975
20978
20978
20988
20988
20988
20994
20994
20994
20998
20998
21004
21004
21004
21006
21007
21014
21014
21014
21018
21024
21028
21028
21028
21028
21034
21034
21035
21036
21036
21038
21044
21044
21047
21053
21054
21057
21058
21058
21068
21068
21074
21076
21077
21077
21077
21078
21084
21084
21088
21088
21094
21094
21094
21097
21098
21108
21117
21118
21118
21118
21124
21124
21124
21128
21134
21134
21134
21135
21136
21137
21144
21144
21147
21154
21157
21158
21158
21164
21164
21164
21165
21165
21167
21168
21174
21174
21177
21177
21184
21184
21188
21188
21188
21194
21194
21194
21195
21195
21204
21204
21204
21207
21207
21208
21217
21218
21218
21218
21224
21224
21227
21228
21228
21228
21234
21234
21234
21236
21236
21244
21244
21247
21254
21254
21258
21258
21258
21264
21264
21264
21265
21267
21274
21274
21274
21277
21284
21284
21288
21288
21288
21304
21304
21304
21304
21305
21305
21307
21308
21324
21324
21325
21327
21328
21328
21328
21334
21334
21334
21336
21338
21338
21347
21348
21348
21354
21354
21354
21358
21358
21364
21365
21365
21365
21367
21368
21374
21374
21374
21377
21384
21384
21388
21388
21394
21394
21394
21394
21395
21395
21398
21403
21404
21404
21407
21407
21414
21417
21418
21418
21424
21424
21424
21424
21425
21425
21428
21434
21434
21434
21437
21438
21438
21447
21448
21448
21454
21454
21457
21458
21458
21458
21474
21474
21478
21478
21478
21478
21479
21484
21487
21488
21488
21494
21494
21494
21495
21496
21498
21507
21508
21508
21524
21524
21524
21524
21525
21525
21528
21528
21528
21534
21534
21536
21537
21538
21548
21548
21554
21554
21554
21554
21557
21558
21563
21564
21564
21564
21567
21568
21577
21577
21578
21578
21584
21584
21587
21588
21594
21594
21595
21596
21604
21604
21604
21604
21614
21614
21617
21617
21626
21627
21628
21628
21628
21628
21634
21634
21634
21637
21644
21644
21648
21648
21648
21654
21654
21654
21657
21657
21658
21658
21664
21664
21664
21667
21668
21668
21677
21677
21678
21687
21688
21694
21697
21697
21698
21698
21698
21699
21717
21717
21718
21718
21718
21718
21724
21724
21724
21725
21726
21727
21734
21734
21737
21737
21744
21744
21747
21748
21754
21754
21754
21754
21755
21755
21767
21767
21768
21768
21784
21784
21785
21787
21788
21788
21794
21794
21794
21796
21798
21798
21808
21808
21814
21814
21814
21814
21817
21818
21818
21823
21824
21824
21827
21827
21833
21834
21837
21844
21847
21847
21848
21848
21854
21854
21855
21855
21864
21864
21864
21867
21874
21874
21877
21878
21884
21884
21884
21887
21888
21897
21898
21898
21898
21898
21899
21907
21908
21908
21914
21914
21914
21917
21918
21918
21927
21928
21938
21939
21939
21939
21940
21940
21940
21940
21944
21944
21953
21954
21955
21955
21957
21967
21977
21977
21978
21984
21984
21984
21985
21985
21986
21987
21994
21994
21994
21994
22003
22003
22004
22007
22008
22013
22014
22014
22015
22015
22017
22024
22024
22024
22027
22028
22037
22037
22038
22044
22044
22044
22047
22048
22057
22057
22058
22058
22074
22074
22075
22075
22075
22075
22077
22078
22087
22087
22093
22097
22103
22104
22104
22104
22115
22115
22115
22115
22116
22116
22117
22123
22124
22124
22126
22127
22127
22137
22138
22138
22144
22144
22147
22147
22148
22148
22154
22154
22156
22157
22158
22167
22168
22177
22184
22184
22184
22185
22186
22187
22194
22194
22194
22197
22204
22204
22207
22208
22208
22214
22214
22214
22217
22217
22234
22234
22234
22234
22234
22235
22237
22237
22243
22243
22245
22245
22247
22254
22254
22254
22257
22257
22268
22268
22268
22274
22274
22274
22277
22287
22288
22297
22298
22298
22298
22298
22299
22303
22304
22307
22308
22314
22314
22314
22315
22316
22327
22327
22337
22338
22338
22338
22338
22339
22344
22344
22344
22347
22347
22348
22367
22368
22368
22368
22368
22369
22369
22373
22374
22374
22377
22377
22383
22383
22384
22386
22387
22397
22397
22398
22403
22404
22407
22407
22408
22423
22424
22427
22433
22434
22434
22434
22437
22437
22443
22443
22444
22445
22445
22447
22453
22454
22457
22457
22474
22475
22475
22476
22476
22476
22484
22484
22484
22485
22486
22487
22487
22497
22497
22498
22504
22504
22507
22507
22508
22513
22514
22514
22517
22517
22518
22527
22528
22528
22533
22533
22534
22534
22537
22537
22544
22544
22547
22547
22564
22564
22564
22564
22565
22565
22567
22567
22573
22573
22574
22574
22575
22575
22577
22583
22584
22587
22593
22593
22597
22597
22598
22603
22604
22604
22607
22607
22613
22614
22614
22616
22617
22617
22627
22627
22633
22634
22634
22637
22637
22638
22647
22647
22657
22657
22658
22658
22658
22658
22664
22664
22667
22667
22668
22673
22674
22674
22675
22675
22683
22683
22684
22687
22693
22694
22697
22697
22703
22703
22704
22705
22705
22707
22714
22714
22714
22717
22717
22717
22727
22727
22728
22733
22734
22734
22737
22737
22743
22743
22744
22744
22747
22747
22757
22757
22758
22763
22764
22764
22767
22767
22768
22773
22773
22774
22777
22794
22797
22797
22798
22798
22798
22798
22803
22803
22807
22824
22824
22824
22824
22825
22825
22825
22827
22827
22828
22837
22837
22838
22847
22847
22847
22848
22857
22857
22858
22858
22858
22863
22864
22864
22867
22867
22867
22873
22873
22874
22875
22877
22887
22887
22888
22897
22903
22907
22907
22908
22908
22913
22914
22914
22914
22914
22923
22923
22927
22927
22933
22933
22934
22935
22935
22937
22947
22957
22957
22958
22958
22958
22963
22963
22967
22967
22967
22973
22974
22974
22976
22977
22977
22987
22987
22993
22994
22994
22997
22997
22998
23003
23004
23004
23005
23007
23027
23027
23028
23033
23034
23034
23034
23034
23035
23037
23037
23037
23043
23043
23047
23047
23053
23057
23057
23057
23063
23064
23064
23067
23067
23073
23073
23074
23076
23077
23077
23087
23087
23087
23093
23093
23097
23097
23097
23098
23103
23104
23104
23106
23107
23107
23117
23117
23124
23124
23124
23124
23127
23127
23128
23134
23135
23135
23137
23143
23143
23143
23147
23153
23154
23154
23157
23157
23163
23163
23164
23164
23165
23165
23173
23173
23174
23174
23177
23177
23187
23187
23187
23197
23203
23203
23204
23206
23207
23207
23208
23208
23217
23217
23217
23223
23224
23224
23227
23227
23227
23233
23233
23233
23235
23237
23237
23237
23247
23247
23248
23253
23257
23257
23257
23263
23263
23264
23265
23265
23267
23273
23273
23277
23277
23283
23284
23287
23287
23293
23294
23294
23295
23297
23297
23304
23304
23306
23306
23307
23313
23317
23317
23323
23323
23324
23324
23327
23327
23333
23333
23333
23334
23336
23337
23347
23347
23347
23353
23353
23354
23357
23357
23358
23365
23365
23365
23367
23373
23373
23374
23377
23383
23384
23387
23387
23387
23397
23397
23407
23407
23414
23414
23414
23414
23415
23417
23417
23417
23427
23433
23433
23434
23434
23434
23436
23437
23437
23447
23447
23447
23454
23454
23457
23457
23457
23463
23463
23464
23466
23467
23477
23477
23477
23478
23487
23493
23493
23494
23494
23494
23495
23495
23497
23503
23503
23503
23523
23523
23523
23524
23525
23527
23533
23533
23537
23537
23547
23553
23553
23554
23554
23554
23557
23557
23563
23563
23567
23572
23577
23577
23577
23583
23583
23584
23587
23587
23593
23593
23594
23595
23597
23607
23607
23623
23624
23624
23625
23625
23627
23627
23637
23637
23647
23647
23647
23648
23648
23648
23653
23653
23654
23655
23657
23663
23663
23663
23666
23667
23683
23687
23687
23687
23688
23688
23688
23688
23693
23693
23697
23713
23713
23714
23714
23714
23717
23717
23717
23723
23723
23723
23727
23733
23733
23733
23743
23743
23747
23747
23753
23753
23754
23755
23757
23757
23763
23763
23766
23767
23773
23777
23777
23777
23793
23793
23794
23796
23796
23797
23797
23797
23807
23807
23813
23813
23814
23817
23817
23817
23823
23823
23825
23827
23827
23837
23837
23838
23838
23838
23847
23853
23853
23853
23855
23855
23863
23863
23863
23866
23873
23877
23877
23877
23883
23883
23884
23884
23887
23893
23893
23896
23897
23897
23907
23907
23917
23917
23923
23923
23923
23924
23924
23926
23927
23927
23937
23937
23943
23944
23947
23947
23947
23953
23953
23954
23957
23957
23967
23967
23983
23983
23984
23985
23985
23985
23985
23987
23993
23993
23994
23996
24003
24003
24007
24007
24017
24023
24023
24026
24032
24032
24032
24032
24033
24037
24044
24047
24047
24047
24047
24053
24053
24054
24057
24073
24073
24073
24074
24074
24083
24083
24087
24087
24087
24097
24107
24107
24107
24107
24109
24111
24111
24112
24112
24112
24116
24117
24118
24121
24123
24124
24126
24127
24130
24132
24135
24135
24139
24143
24145
24145
24161
24161
24162
24162
24162
24163
24163
24164
24166
24169
24171
24173
24177
24177
24183
24185
24187
24188
24191
24194
24196
24196
24200
24200
24207
24207
24213
24213
24213
24217
24217
24227
24235
24235
24235
24236
24236
24236
24236
24243
24243
24243
24247
24247
24253
24253
24254
24255
24263
24263
24264
24264
24273
24273
24277
24277
24277
24283
24283
24283
24284
24285
24287
24293
24293
24296
24303
24303
24307
24307
24307
24313
24313
24313
24317
24317
24323
24323
24323
24323
24327
24327
24337
24337
24337
24337
24347
24353
24353
24353
24354
24354
24354
24354
24355
24357
24357
24367
24367
24373
24373
24373
24377
24377
24383
24383
24385
24387
24393
24393
24397
24413
24414
24414
24417
24417
24417
24417
24427
24437
24437
24437
24437
24438
24438
24443
24443
24443
24447
24447
24453
24453
24455
24455
24457
24457
24467
24467
24473
24473
24473
24477
24477
24483
24483
24483
24485
24487
24487
24492
24497
24503
24503
24507
24507
24507
24513
24513
24514
24514
24517
24527
24537
24537
24543
24543
24543
24543
24544
24546
24562
24562
24562
24563
24563
24567
24567
24567
24573
24573
24574
24574
24577
24577
24583
24583
24587
24587
24597
24597
24613
24613
24613
24617
24617
24617
24617
24623
24623
24623
24627
24633
24637
24637
24644
24645
24645
24645
24645
24646
24647
24653
24653
24653
24656
24656
24657
24657
24667
24667
24673
24673
24674
24676
24677
24677
24683
24683
24683
24683
24686
24687
24697
24697
24697
24697
24703
24703
24707
24707
24717
24717
24727
24727
24737
24737
24737
24737
24738
24743
24745
24745
24745
24745
24746
24746
24746
24747
24753
24753
24754
24756
24763
24763
24767
24767
24777
24781
24782
24782
24782
24787
24787
24787
24787
24807
24807
24807
24807
24807
24808
24813
24815
24816
24817
24817
24817
24827
24827
24827
24833
24833
24836
24837
24837
24842
24843
24843
24846
24847
24853
24853
24857
24863
24863
24866
24867
24867
24873
24873
24875
24875
24877
24877
24883
24883
24883
24886
24903
24903
24904
24904
24904
24904
24906
24907
24907
24907
24913
24913
24916
24917
24933
24933
24936
24937
24937
24937
24943
24943
24943
24945
24947
24956
24967
24967
24967
24967
24967
24968
24968
24973
24973
24973
24975
24975
24983
24983
24983
24983
24993
24993
24997
24997
25003
25003
25003
25004
25004
25006
25013
25013
25013
25016
25022
25023
25026
25027
25027
25027
25037
25037
25037
25046
25047
25047
25056
25057
25057
25057
25063
25063
25064
25066
25067
25067
25077
25077
25087
25093
25093
25093
25094
25094
25094
25096
25097
25097
25107
25113
25116
25117
25123
25123
25123
25124
25126
25127
25127
25127
25133
25133
25134
25134
25136
25142
25143
25143
25146
25146
25156
25157
25157
25157
25163
25163
25167
25167
25176
25177
25177
25177
25177
25178
25186
25187
25187
25193
25193
25193
25196
25196
25197
25203
25203
25204
25205
25206
25213
25213
25214
25217
25236
25237
25237
25237
25238
25238
25246
25246
25252
25253
25253
25253
25253
25254
25263
25263
25267
25273
25273
25273
25273
25274
25274
25275
25277
25277
25287
25287
25296
25296
25303
25303
25303
25303
25304
25304
25305
25305
25316
25317
25317
25323
25326
25326
25327
25327
25333
25333
25334
25334
25335
25336
25343
25343
25346
25346
25353
25356
25357
25357
25363
25363
25363
25364
25376
25376
25377
25377
25377
25383
25386
25386
25387
25393
25393
25393
25396
25396
25397
25403
25403
25403
25405
25406
25416
25417
25417
25417
25426
25433
25433
25434
25435
25435
25435
25435
25442
25443
25443
25446
25447
25447
25456
25457
25463
25463
25463
25464
25466
25472
25473
25473
25476
25486
25493
25494
25494
25494
25494
25495
25495
25495
25516
25516
25517
25518
25518
25519
25519
25523
25523
25523
25526
25526
25546
25547
25547
25547
25547
25548
25548
25562
25563
25563
25563
25563
25564
25564
25566
25576
25577
25577
25594
25595
25595
25595
25595
25596
25597
25597
25597
25606
25607
25607
25623
25623
25623
25626
25627
25627
25627
25632
25633
25633
25635
25636
25637
25646
25647
25647
25653
25653
25656
25657
25657
25662
25663
25663
25665
25666
25672
25672
25676
25683
25683
25686
25687
25687
25693
25693
25693
25694
25696
25696
25716
25716
25717
25723
25723
25723
25723
25724
25726
25727
25732
25732
25733
25733
25736
25736
25746
25746
25747
25756
25761
25761
25761
25762
25762
25762
25765
25765
25766
25766
25776
25776
25777
25782
25783
25783
25786
25786
25787
25792
25793
25794
25796
25806
25807
25807
25823
25823
25823
25823
25824
25824
25825
25826
25833
25833
25833
25836
25842
25843
25846
25847
25861
25861
25861
25861
25863
25863
25863
25864
25865
25866
25867
25876
25883
25883
25886
25887
25887
25887
25892
25892
25893
25895
25896
25897
25906
25907
25913
25913
25916
25916
25922
25923
25923
25923
25924
25924
25936
25936
25937
25946
25952
25953
25953
25953
25954
25954
25954
25956
25957
25957
25962
25963
25963
25966
25972
25972
25976
25977
25986
25986
25992
25993
25993
25993
25993
25994
25996
25996
26006
26006
26007
26013
26013
26013
26016
26016
26033
26033
26033
26033
26034
26034
26034
26036
26042
26043
26046
26046
26056
26056
26062
26063
26063
26063
26064
26064
26066
26072
26073
26076
26076
26086
26086
26087
26087
26087
26092
26093
26093
26093
26096
26096
26106
26106
26112
26112
26113
26116
26116
26117
26123
26123
26125
26125
26126
26136
26137
26137
26142
26143
26146
26146
26152
26153
26153
26154
26156
26163
26163
26163
26166
26173
26173
26176
26176
26182
26183
26184
26184
26186
26192
26193
26193
26196
26196
26206
26206
26207
26213
26213
26216
26216
26222
26223
26223
26225
26226
26226
26236
26236
26242
26242
26246
26246
26247
26266
26266
26267
26276
26276
26277
26282
26283
26283
26284
26284
26285
26285
26286
26292
26293
26293
26302
26302
26306
26306
26316
26323
26323
26323
26324
26324
26324
26324
26326
26326
26346
26346
26347
26347
26355
26355
26356
26356
26356
26357
26366
26366
26367
26372
26373
26373
26376
26376
26396
26396
26397
26397
26403
26403
26403
26403
26404
26404
26406
26406
26416
26416
26417
26426
26432
26432
26433
26433
26433
26433
26436
26436
26443
26443
26446
26446
26447
26452
26452
26452
26455
26456
26466
26466
26467
26476
26476
26476
26485
26486
26486
26496
26496
26497
26503
26503
26506
26506
26507
26513
26513
26513
26514
26516
26522
26522
26526
26532
26533
26536
26536
26542
26542
26543
26544
26546
26552
26552
26555
26556
26556
26566
26566
26566
26572
26572
26576
26576
26582
26582
26582
26585
26586
26596
26596
26597
26606
26606
26613
26614
26615
26615
26615
26615
26616
26616
26622
26626
26632
26636
26636
26636
26642
26643
26644
26644
26646
26666
26666
26667
26667
26667
26667
26668
26673
26673
26673
26676
26676
26676
26682
26682
26686
26691
26696
26696
26696
26702
26703
26703
26706
26706
26712
26712
26713
26715
26716
26716
26726
26726
26732
26733
26733
26736
26736
26736
26746
26753
26756
26756
26756
26757
26757
26762
26766
26766
26766
26772
26772
26773
26774
26776
26782
26782
26785
26786
26786
26796
26796
26796
26802
26802
26802
26804
26806
26812
26812
26813
26816
26816
26826
26826
26826
26832
26833
26833
26836
26836
26846
26856
26856
26862
26863
26863
26866
26866
26867
26867
26872
26872
26874
26874
26876
26882
26882
26882
26890
26890
26896
26896
26896
26903
26903
26903
26906
26906
26926
26926
26926
26927
26927
26933
26936
26936
26936
26937
26942
26942
26943
26945
26946
26946
26956
26962
26963
26963
26966
26966
26973
26973
26976
26976
26976
26982
26983
26983
26986
26992
26992
26996
26996
26996
27002
27002
27004
27004
27006
27006
27012
27012
27015
27016
27016
27026
27026
27032
27032
27033
27036
27036
27042
27042
27042
27046
27062
27062
27063
27063
27063
27063
27066
27066
27072
27072
27073
27076
27092
27096
27096
27096
27097
27097
27097
27097
27102
27102
27104
27104
27106
27112
27112
27113
27122
27122
27126
27126
27126
27132
27133
27133
27134
27136
27143
27143
27143
27143
27145
27152
27152
27156
27156
27156
27162
27162
27163
27163
27166
27166
27166
27172
27172
27172
27192
27192
27193
27193
27193
27193
27194
27196
27196
27196
27206
27212
27216
27216
27216
27217
27217
27217
27222
27226
27226
27226
27232
27232
27233
27234
27236
27236
27256
27256
27256
27262
27262
27263
27266
27266
27266
27266
27272
27272
27272
27273
27276
27276
27286
27286
27286
27287
27292
27292
27293
27296
27296
27296
27302
27303
27304
27306
27306
27316
27316
27316
27322
27322
27323
27326
27326
27332
27332
27333
27334
27334
27336
27336
27346
27346
27346
27362
27362
27363
27363
27363
27364
27366
27366
27366
27372
27372
27373
27375
27376
27376
27386
27386
27392
27392
27392
27393
27396
27396
27406
27406
27406
27417
27418
27418
27418
27422
27422
27422
27426
27426
27426
27432
27432
27433
27434
27436
27436
27446
27446
27446
27452
27453
27456
27456
27456
27462
27463
27463
27464
27464
27466
27472
27472
27476
27482
27482
27486
27486
27486
27492
27492
27493
27493
27493
27502
27502
27505
27506
27506
27516
27516
27522
27522
27522
27526
27526
27532
27532
27532
27535
27536
27536
27546
27546
27562
27562
27564
27564
27564
27566
27572
27572
27572
27576
27582
27586
27586
27586
27592
27592
27594
27594
27596
27606
27606
27606
27623
27623
27623
27623
27626
27626
27626
27626
27627
27632
27632
27632
27636
27636
27646
27646
27646
27652
27652
27652
27656
27656
27666
27672
27672
27672
27673
27673
27673
27676
27682
27682
27686
27686
27686
27686
27702
27702
27706
27706
27712
27712
27713
27713
27716
27716
27722
27722
27723
27723
27724
27726
27732
27732
27735
27736
27746
27746
27746
27752
27752
27752
27756
27756
27762
27762
27762
27765
27766
27766
27776
27776
27783
27783
27786
27786
27792
27792
27793
27794
27796
27802
27802
27802
27806
27806
27822
27822
27824
27824
27826
27826
27832
27832
27832
27836
27842
27842
27846
27846
27862
27862
27862
27863
27863
27863
27865
27865
27866
27876
27876
27876
27882
27882
27886
27886
27886
27892
27892
27892
27908
27908
27910
27912
27914
27914
27915
27918
27920
27921
27923
27924
27926
27928
27936
27954
27954
27954
27955
27955
27956
27956
27956
27956
27957
27959
27962
27965
27966
27968
27969
27972
27974
27976
27992
27996
27996
27996
28001
28001
28001
28001
28012
28012
28013
28016
28016
28016
28022
28022
28022
28025
28026
28026
28036
28036
28036
28042
28042
28042
28046
28046
28052
28052
28052
28054
28056
28056
28062
28066
28072
28072
28076
28076
28082
28082
28082
28084
28084
28086
28092
28092
28102
28102
28106
28106
28106
28106
28116
28116
28116
28126
28132
28132
28132
28132
28133
28133
28136
28136
28136
28142
28142
28142
28146
28146
28152
28152
28152
28154
28156
28156
28166
28166
28172
28172
28172
28176
28176
28192
28192
28193
28193
28193
28194
28194
28202
28202
28206
28206
28206
28212
28212
28212
28216
28216
28226
28236
28236
28236
28236
28237
28242
28242
28243
28243
28246
28246
28256
28256
28266
28266
28266
28266
28272
28272
28272
28276
28276
28276
28282
28282
28284
28286
28286
28296
28296
28296
28302
28306
28306
28312
28312
28312
28313
28314
28322
28322
28322
28325
28332
28332
28336
28336
28342
28342
28342
28343
28346
28346
28352
28352
28355
28356
28356
28366
28366
28366
28382
28382
28382
28382
28383
28385
28392
28392
28396
28396
28396
28399
28399
28399
28403
28404
28426
28426
28426
28426
28432
28432
28432
28433
28435
28436
28442
28442
28445
28446
28446
28456
28463
28465
28466
28466
28466
28466
28486
28486
28486
28486
28495
28496
28496
28502
28504
28504
28504
28504
28505
28505
28523
28524
28526
28526
28530
28531
28538
28538
28540
28540
28542
28542
28550
28552
28555
28555
28560
28561
28565
28566
28568
28570
28572
28576
28590
28590
28590
28590
28591
28591
28592
28593
28595
28599
28601
28602
28612
28612
28612
28613
28613
28615
28622
28622
28625
28626
28626
28635
28636
28642
28642
28645
28646
28652
28652
28654
28655
28656
28666
28666
28682
28682
28682
28682
28683
28683
28683
28685
28686
28686
28696
28696
28712
28712
28712
28713
28715
28716
28716
28721
28722
28722
28725
28725
28735
28736
28741
28742
28742
28745
28746
28746
28752
28752
28754
28755
28756
28766
28766
28766
28772
28772
28775
28776
28776
28786
28792
28795
28796
28796
28796
28797
28802
28802
28806
28806
28812
28812
28812
28812
28813
28815
28822
28822
28822
28825
28832
28832
28836
28836
28842
28842
28842
28843
28845
28852
28852
28852
28854
28855
28856
28866
28866
28872
28872
28872
28875
28876
28876
28885
28886
28886
28902
28902
28902
28905
28906
28912
28912
28912
28914
28914
28916
28921
28922
28922
28932
28932
28935
28936
28936
28936
28952
28952
28953
28953
28953
28953
28955
28955
28965
28966
28966
28966
28975
28976
28985
28990
28991
28991
28991
28991
28995
28996
28996
29002
29002
29002
29005
29006
29012
29012
29012
29014
29015
29015
29021
29021
29025
29032
29035
29036
29036
29036
29042
29042
29043
29043
29045
29051
29052
29052
29056
29062
29062
29065
29066
29072
29072
29072
29075
29075
29081
29081
29082
29085
29085
29086
29095
29096
29102
29102
29102
29105
29106
29106
29112
29112
29113
29114
29115
29135
29136
29136
29136
29136
29145
29146
29146
29146
29152
29152
29152
29152
29153
29153
29162
29162
29165
29165
29166
29172
29172
29172
29173
29173
29175
29181
29182
29182
29185
29195
29201
29202
29203
29203
29205
29206
29212
29212
29212
29212
29215
29215
29225
29226
29226
29226
29232
29232
29235
29235
29236
29236
29241
29242
29244
29244
29245
29255
29256
29256
29262
29262
29265
29265
29266
29272
29272
29272
29273
29273
29275
29281
29282
29282
29285
29292
29292
29295
29296
29301
29302
29302
29303
29303
29312
29312
29312
29312
29315
29315
29325
29326
29331
29332
29332
29332
29335
29336
29341
29341
29342
29344
29345
29346
29355
29356
29361
29362
29362
29365
29366
29366
29371
29372
29373
29375
29381
29381
29382
29382
29385
29392
29392
29395
29396
29405
29412
29412
29412
29413
29413
29413
29413
29415
29422
29422
29425
29426
29441
29441
29442
29442
29442
29443
29443
29444
29445
29446
29455
29456
29461
29462
29462
29465
29466
29466
29485
29486
29486
29491
29492
29495
29503
29503
29505
29512
29512
29512
29512
29513
29515
29522
29522
29525
29526
29526
29531
29532
29532
29533
29535
29541
29541
29542
29545
29551
29555
29555
29556
29562
29562
29562
29565
29565
29566
29572
29572
29572
29574
29575
29576
29585
29586
29586
29591
29591
29592
29595
29595
29601
29602
29602
29603
29605
29605
29611
29615
29615
29621
29625
29625
29626
29641
29642
29642
29642
29642
29643
29643
29645
29651
29652
29655
29655
29661
29661
29662
29662
29665
29680
29681
29681
29681
29681
29682
29682
29685
29686
29695
29695
29702
29702
29702
29702
29703
29703
29705
29721
29722
29722
29722
29722
29723
29723
29725
29726
29732
29732
29735
29735
29752
29755
29755
29756
29756
29756
29762
29762
29763
29763
29765
29771
29772
29772
29775
29775
29775
29785
29786
29786
29791
29792
29792
29792
29795
29795
29796
29801
29802
29802
29805
29805
29815
29816
29816
29816
29817
29817
29822
29822
29825
29831
29832
29832
29834
29835
29835
29845
29845
29846
29851
29852
29855
29855
29861
29862
29862
29863
29865
29872
29872
29872
29875
29875
29881
29885
29885
29895
29900
29900
29900
29900
29901
29901
29901
29904
29905
29905
29915
29915
29916
29916
29921
29922
29925
29925
29935
29935
29936
29945
29955
29955
29956
29956
29956
29961
29962
29962
29965
29965
29966
29966
29971
29971
29972
29975
29985
29985
29993
29993
29995
30001
30002
30002
30002
30002
30005
30005
30011
30012
30015
30015
30021
30021
30022
30022
30025
30025
30031
30031
30032
30034
30035
30035
30045
30045
30052
30052
30052
30055
30055
30062
30062
30062
30065
30065
30075
30075
30081
30081
30085
30085
30086
30095
30095
30096
30096
30096
30101
30101
30102
30105
30111
30112
30115
30115
30121
30121
30122
30122
30123
30123
30145
30145
30146
30151
30152
30152
30152
30153
30153
30153
30154
30154
30165
30165
30166
30181
30182
30182
30185
30185
30186
30186
30186
30191
30192
30192
30193
30195
30201
30201
30205
30205
30212
30215
30215
30216
30222
30222
30223
30223
30235
30235
30236
30236
30248
30248
30248
30249
30251
30252
30252
30255
30255
30255
30275
30275
30276
30276
30276
30276
30277
30277
30285
30285
30293
30294
30294
30294
30295
30295
30300
30305
30305
30306
30321
30322
30325
30325
30326
30326
30342
30342
30345
30345
30346
30355
30355
30361
30361
30365
30371
30371
30375
30375
30385
30385
30391
30392
30392
30394
30395
30395
30402
30402
30404
30404
30407
30410
30413
30415
30420
30421
30423
30423
30425
30430
30432
30434
30435
30438
30440
30441
30445
30445
30465
30465
30466
30466
30468
30468
30469
30469
30470
30470
30474
30474
30477
30480
30483
30483
30489
30489
30491
30495
30497
30499
30501
30501
30512
30512
30512
30515
30515
30515
30535
30535
30535
30542
30542
30542
30542
30545
30545
30545
30555
30555
30556
30572
30572
30572
30572
30572
30573
30573
30575
30575
30581
30581
30581
30583
30591
30591
30591
30595
30601
30602
30605
30605
30605
30606
30611
30611
30613
30613
30615
30621
30621
30621
30625
30625
30635
30642
30645
30645
30651
30651
30652
30652
30654
30655
30655
30665
30665
30671
30671
30672
30675
30675
30681
30681
30682
30682
30685
30685
30695
30695
30712
30712
30713
30713
30713
30713
30714
30714
30715
30721
30721
30722
30731
30731
30735
30735
30735
30736
30742
30742
30742
30743
30745
30751
30751
30751
30754
30755
30755
30765
30765
30765
30771
30771
30775
30775
30775
30781
30781
30781
30784
30785
30785
30795
30795
30795
30802
30802
30805
30805
30805
30811
30811
30811
30815
30815
30835
30835
30836
30836
30836
30836
30837
30841
30842
30842
30843
30843
30851
30851
30852
30852
30861
30862
30865
30865
30871
30871
30872
30875
30875
30875
30881
30881
30884
30885
30885
30895
30895
30895
30901
30901
30902
30905
30905
30905
30911
30911
30913
30913
30915
30925
30925
30925
30931
30931
30932
30935
30935
30941
30941
30941
30943
30943
30945
30951
30951
30952
30955
30961
30961
30965
30965
30971
30971
30972
30972
30973
30975
30981
30981
30981
30985
30985
30995
30995
31001
31001
31002
31002
31003
31003
31005
31025
31025
31025
31031
31032
31032
31032
31032
31033
31035
31035
31035
31041
31041
31043
31045
31051
31051
31051
31055
31055
31061
31061
31065
31065
31065
31071
31071
31072
31073
31073
31081
31081
31081
31085
31091
31091
31095
31095
31095
31114
31115
31115
31115
31120
31120
31120
31121
31125
31125
31125
31145
31145
31145
31145
31150
31150
31150
31150
31155
31155
31155
31161
31161
31162
31165
31165
31180
31180
31180
31180
31181
31181
31182
31182
31191
31192
31195
31195
31195
31201
31201
31201
31203
31205
31211
31211
31212
31214
31221
31221
31225
31225
31232
31232
31241
31241
31241
31242
31242
31242
31244
31245
31255
31255
31255
31261
31261
31262
31265
31265
31265
31285
31285
31285
31286
31286
31286
31286
31291
31291
31295
31295
31301
31301
31301
31302
31305
31311
31311
31312
31321
31321
31325
31325
31331
31331
31332
31332
31335
31335
31341
31341
31342
31344
31345
31345
31355
31355
31361
31361
31362
31365
31365
31365
31371
31371
31373
31374
31375
31385
31385
31385
31391
31391
31395
31395
31395
31401
31401
31401
31403
31405
31411
31411
31415
31415
31421
31425
31425
31425
31431
31431
31433
31433
31433
31435
31445
31445
31457
31457
31457
31458
31458
31458
31459
31459
31462
31462
31471
31471
31471
31474
31475
31475
31485
31485
31485
31491
31492
31492
31495
31495
31501
31501
31502
31503
31505
31505
31515
31515
31515
31515
31521
31521
31521
31525
31525
31525
31531
31531
31533
31533
31535
31541
31541
31541
31551
31551
31555
31555
31555
31561
31561
31562
31562
31563
31565
31571
31571
31571
31574
31575
31575
31585
31585
31585
31591
31591
31591
31592
31595
31595
31601
31601
31601
31604
31610
31610
31615
31615
31615
31615
31621
31621
31622
31625
31625
31625
31631
31631
31631
31633
31635
31635
31645
31645
31645
31651
31655
31655
31655
31661
31661
31662
31663
31663
31685
31685
31685
31685
31691
31691
31691
31692
31692
31692
31695
31701
31701
31701
31705
31705
31721
31721
31722
31722
31722
31722
31725
31725
31731
31731
31731
31733
31735
31735
31745
31745
31751
31751
31751
31752
31755
31755
31761
31761
31765
31765
31775
31785
31785
31785
31785
31786
31793
31793
31793
31793
31795
31801
31801
31801
31805
31805
31822
31822
31823
31825
31825
31825
31831
31831
31832
31835
31851
31851
31855
31855
31855
31855
31861
31861
31863
31863
31865
31875
31875
31875
31881
31881
31885
31885
31891
31891
31892
31893
31895
31901
31901
31901
31911
31911
31915
31915
31921
31921
31921
31922
31922
31925
31931
31931
31941
31941
31945
31945
31955
31955
31955
31955
31956
31956
31961
31961
31963
31965
31965
31975
31975
31975
31993
31993
31993
31995
32004
32005
32005
32005
32006
32021
32021
32021
32022
32022
32023
32023
32025
32045
32045
32045
32045
32046
32046
32046
32051
32051
32052
32052
32055
32061
32061
32061
32064
32065
32075
32075
32081
32081
32081
32081
32095
32095
32095
32095
32096
32096
32104
32105
32105
32111
32111
32111
32115
32115
32125
32125
32130
32131
32138
32138
32138
32139
32152
32152
32154
32155
32165
32165
32175
32175
32175
32175
32175
32176
32181
32181
32181
32182
32191
32191
32191
32193
32195
32211
32212
32213
32217
32217
32219
32221
32222
32224
32228
32230
32231
32232
32234
32237
32239
32244
32265
32265
32265
32265
32266
32266
32272
32272
32273
32274
32277
32279
32279
32285
32296
32297
32297
32297
32297
32298
32301
32304
32311
32311
32315
32315
32324
32334
32335
32341
32341
32341
32344
32345
32345
32345
32355
32365
32371
32371
32371
32371
32375
32375
32384
32385
32394
32394
32395
32395
32395
32401
32401
32402
32403
32403
32406
32406
32409
32411
32414
32417
32421
32423
32424
32427
32429
32433
32436
32436
32440
32442
32444
32446
32449
32450
32453
32453
32457
32459
32461
32463
32466
32467
32472
32474
32478
32479
32482
32485
32497
32497
32498
32498
32499
32499
32511
32511
32511
32514
32515
32515
32520
32521
32522
32524
32531
32531
32534
32541
32541
32544
32545
32545
32551
32551
32552
32552
32560
32561
32561
32564
32571
32571
32575
32575
32581
32581
32581
32582
32591
32591
32591
32593
32594
32594
32604
32614
32621
32621
32621
32621
32622
32622
32622
32624
32625
32625
32644
32644
32654
32655
32655
32655
32655
32656
32664
32664
32671
32671
32675
32675
32675
32675
32680
32681
32681
32682
32682
32684
32691
32691
32694
32694
32704
32705
32714
32714
32721
32721
32721
32721
32722
32722
32724
32724
32734
32735
32735
32740
32741
32744
32745
32750
32751
32753
32754
32754
32761
32761
32771
32771
32774
32775
32781
32781
32781
32784
32801
32801
32801
32801
32802
32802
32804
32804
32814
32820
32821
32821
32824
32824
32825
32841
32844
32845
32845
32850
32851
32851
32851
32853
32854
32855
32864
32865
32874
32875
32882
32882
32891
32891
32891
32891
32894
32904
32914
32915
32915
32915
32921
32921
32923
32923
32923
32924
32926
32928
32934
32936
32939
32941
32944
32944
32948
32949
32954
32954
32974
32975
32975
32975
32979
32979
32979
32980
32980
32982
32984
32984
32989
32991
32993
32993
32999
33004
33014
33014
33015
33022
33024
33024
33034
33034
33034
33044
33045
33045
33045
33045
33046
33050
33051
33052
33054
33060
33061
33061
33064
33070
33070
33074
33082
33084
33085
33085
33085
33090
33091
33091
33093
33094
33095
33114
33115
33115
33120
33120
33121
33121
33121
33123
33124
33125
33134
33135
33140
33140
33144
33144
33150
33151
33151
33152
33154
33154
33160
33161
33170
33171
33174
33174
33175
33180
33181
33181
33182
33182
33190
33191
33191
33194
33194
33204
33205
33205
33214
33215
33224
33229
33229
33230
33230
33230
33230
33234
33235
33236
33236
33236
33241
33241
33251
33251
33252
33253
33253
33274
33275
33275
33275
33275
33276
33276
33284
33285
33294
33294
33301
33301
33301
33301
33304
33305
33314
33314
33315
33324
33330
33330
33331
33331
33331
33331
33334
33334
33335
33340
33341
33341
33344
33344
33345
33350
33351
33351
33354
33354
33364
33364
33365
33370
33371
33371
33374
33375
33380
33380
33382
33382
33390
33391
33391
33394
33400
33400
33404
33404
33410
33411
33412
33412
33414
33414
33421
33421
33424
33424
33434
33434
33435
33435
33440
33440
33441
33444
33454
33455
33455
33471
33471
33471
33471
33471
33472
33472
33474
33474
33480
33480
33481
33482
33484
33494
33495
33495
33500
33501
33504
33504
33520
33520
33521
33521
33521
33521
33522
33524
33531
33531
33534
33534
33540
33540
33541
33542
33544
33550
33551
33551
33553
33554
33554
33564
33564
33571
33571
33571
33574
33574
33575
33580
33581
33581
33584
33584
33604
33604
33605
33605
33610
33611
33611
33611
33611
33612
33620
33620
33621
33624
33630
33631
33634
33634
33635
33640
33641
33641
33642
33644
33650
33650
33654
33660
33660
33664
33664
33674
33684
33684
33685
33685
33685
33700
33701
33701
33701
33701
33702
33704
33704
33710
33711
33711
33713
33713
33724
33724
33734
33734
33735
33742
33744
33744
33745
33745
33745
33754
33754
33755
33767
33767
33767
33768
33771
33771
33771
33771
33772
33772
33773
33780
33780
33784
33784
33784
33794
33794
33800
33800
33801
33804
33804
33805
33810
33810
33813
33814
33824
33824
33825
33825
33831
33831
33834
33834
33844
33844
33845
33854
33861
33861
33861
33861
33862
33864
33864
33870
33870
33871
33872
33874
33884
33884
33901
33901
33901
33901
33902
33902
33904
33904
33905
33910
33911
33911
33914
33914
33924
33924
33930
33930
33931
33934
33934
33935
33954
33954
33955
33955
33960
33961
33964
33964
33965
33965
33970
33970
33974
33974
33994
33994
33994
33995
33995
34002
34004
34004
34004
34005
34005
34010
34011
34011
34020
34020
34024
34024
34025
34034
34040
34040
34041
34041
34041
34041
34043
34044
34044
34054
34054
34054
34061
34061
34064
34064
34064
34070
34070
34071
34072
34072
34074
34084
34084
34085
34090
34094
34094
34094
34104
34104
34111
34114
34114
34114
34115
34120
34121
34124
34124
34124
34130
34130
34131
34132
34140
34140
34140
34143
34144
34144
34154
34154
34160
34160
34161
34164
34164
34184
34184
34184
34190
34190
34191
34191
34191
34191
34194
34194
34200
34200
34202
34204
34210
34210
34214
34221
34221
34224
34224
34224
34234
34239
34240
34240
34240
34240
34241
34241
34244
34254
34254
34254
34260
34260
34264
34264
34264
34270
34270
34270
34274
34274
34294
34294
34295
34295
34303
34303
34303
34304
34314
34314
34314
34315
34320
34320
34321
34324
34324
34324
34330
34332
34332
34334
34344
34344
34356
34357
34357
34357
34360
34360
34360
34361
34362
34364
34374
34384
34384
34384
34385
34385
34385
34390
34391
34391
34394
34394
34400
34400
34403
34404
34414
34414
34414
34420
34420
34424
34424
34424
34430
34430
34432
34432
34434
34434
34440
34444
34450
34450
34454
34454
34460
34460
34461
34464
34474
34474
34484
34484
34484
34485
34485
34485
34490
34490
34491
34491
34494
34494
34500
34500
34500
34503
34504
34504
34514
34514
34515
34520
34520
34521
34522
34524
34530
34531
34531
34532
34534
34534
34544
34544
34550
34550
34551
34551
34554
34554
34560
34560
34562
34562
34564
34570
34570
34570
34574
34580
34580
34584
34584
34584
34590
34590
34594
34594
34604
34604
34614
34614
34615
34615
34624
34624
34633
34633
34634
34634
34644
34644
34644
34654
34654
34654
34655
34655
34662
34664
34664
34674
34674
34674
34675
34675
34680
34680
34680
34684
34690
34690
34692
34692
34694
34700
34701
34701
34710
34710
34714
34714
34714
34714
34734
34734
34734
34734
34740
34740
34740
34740
34744
34744
34744
34750
34750
34750
34754
34754
34760
34760
34761
34763
34764
34764
34774
34774
34792
34792
34793
34793
34793
34794
34794
34794
34795
34800
34800
34800
34804
34810
34810
34814
34814
34814
34820
34820
34821
34822
34824
34830
34830
34830
34840
34840
34844
34844
34844
34844
34850
34851
34854
34854
34854
34860
34860
34861
34864
34864
34874
34874
34874
34880
34880
34880
34884
34894
34894
34894
34904
34904
34904
34905
34905
34910
34910
34911
34914
34914
34930
34930
34931
34931
34931
34931
34932
34934
34940
34940
34944
34944
34950
34950
34951
34951
34952
34954
34960
34960
34960
34963
34964
34974
34974
34974
34980
34980
34984
34984
34984
34984
34990
34990
34992
34993
34993
35004
35004
35004
35010
35010
35014
35014
35020
35020
35021
35022
35024
35024
35034
35044
35054
35054
35054
35054
35055
35055
35060
35060
35061
35061
35061
35061
35064
35064
35074
35074
35074
35080
35080
35080
35081
35081
35090
35090
35090
35093
35094
35094
35104
35104
35110
35110
35114
35114
35114
35120
35120
35120
35122
35124
35134
35134
35134
35134
35140
35140
35140
35144
35144
35144
35150
35150
35152
35154
35160
35160
35160
35164
35180
35180
35184
35184
35184
35190
35190
35190
35191
35191
35194
35194
35204
35204
35204
35220
35220
35220
35221
35221
35221
35223
35224
35234
35234
35234
35240
35240
35244
35244
35244
35250
35250
35250
35270
35270
35274
35274
35274
35275
35281
35284
35290
35290
35290
35294
35304
35304
35312
35313
35313
35313
35314
35323
35324
35324
35324
35324
35328
35330
35331
35344
35344
35344
35345
35345
35345
35346
35350
35352
35354
35356
35360
35360
35364
35368
35370
35370
35374
35378
35379
35380
35384
35384
35388
35390
35392
35392
35396
35398
35410
35410
35410
35414
35414
35414
35420
35420
35422
35424
35430
35430
35434
35440
35440
35444
35444
35444
35454
35460
35460
35460
35461
35461
35461
35461
35464
35464
35474
35474
35474
35480
35480
35480
35484
35484
35490
35490
35492
35493
35494
35504
35504
35504
35510
35510
35510
35514
35514
35514
35520
35520
35520
35522
35524
35534
35534
35534
35540
35540
35544
35544
35550
35550
35551
35551
35553
35564
35574
35574
35574
35574
35575
35575
35584
35584
35590
35590
35590
35590
35591
35593
35594
35594
35604
35604
35604
35610
35610
35610
35614
35614
35614
35620
35620
35620
35623
35624
35624
35634
35634
35634
35640
35640
35640
35644
35644
35644
35652
35652
35652
35653
35660
35660
35661
35661
35664
35674
35674
35684
35684
35684
35684
35684
35693
35694
35703
35704
35704
35704
35704
35705
35705
35720
35720
35720
35720
35721
35721
35721
35723
35724
35734
35734
35740
35740
35740
35743
35744
35744
35750
35750
35752
35754
35754
35760
35764
35764
35770
35770
35774
35774
35774
35780
35780
35780
35781
35784
35790
35790
35793
35800
35804
35804
35804
35810
35810
35811
35811
35811
35824
35824
35834
35834
35834
35834
35844
35844
35844
35844
35849
35850
35850
35850
35850
35851
35870
35870
35870
35870
35871
35871
35873
35874
35874
35879
35880
35880
35884
35900
35900
35900
35901
35901
35904
35904
35914
35914
35914
35914
35924
35924
35924
35924
35930
35930
35933
35934
35934
35940
35940
35940
35941
35943
35954
35954
35970
35970
35971
35971
35974
35974
35974
35980
35980
35982
35984
35984
35994
35994
36000
36000
36004
36004
36004
36010
36010
36010
36011
36012
36019
36020
36020
36023
36040
36040
36041
36042
36044
36044
36050
36050
36050
36053
36053
36054
36064
36064
36073
36074
36074
36083
36088
36088
36089
36093
36094
36094
36100
36100
36103
36104
36104
36110
36110
36110
36130
36130
36134
36134
36140
36140
36140
36140
36141
36141
36143
36150
36150
36150
36160
36160
36164
36164
36170
36170
36170
36171
36171
36171
36184
36193
36194
36200
36200
36200
36200
36201
36201
36203
36204
36213
36223
36224
36224
36224
36233
36234
36237
36237
36237
36238
36249
36250
36250
36250
36251
36251
36251
36253
36260
36260
36263
36263
36264
36270
36270
36270
36271
36271
36280
36280
36280
36283
36293
36300
36301
36301
36303
36303
36304
36310
36310
36310
36312
36313
36314
36323
36333
36334
36334
36334
36334
36335
36340
36340
36340
36340
36343
36343
36364
36364
36364
36364
36365
36365
36369
36370
36370
36370
36371
36373
36380
36380
36383
36390
36390
36393
36394
36394
36400
36400
36401
36401
36409
36410
36410
36413
36419
36419
36423
36424
36429
36430
36430
36433
36434
36434
36440
36440
36442
36442
36443
36461
36461
36461
36463
36464
36464
36464
36464
36483
36484
36484
36489
36490
36493
36494
36494
36499
36500
36500
36500
36501
36501
36503
36510
36510
36513
36513
36520
36523
36524
36529
36530
36530
36530
36533
36543
36553
36554
36554
36554
36554
36563
36563
36564
36564
36564
36564
36570
36570
36570
36572
36573
36573
36583
36584
36589
36590
36590
36593
36594
36594
36600
36600
36601
36602
36609
36609
36613
36620
36620
36623
36624
36624
36630
36630
36631
36631
36633
36639
36640
36640
36643
36643
36649
36653
36654
36654
36660
36660
36663
36663
36664
36669
36670
36670
36672
36673
36674
36690
36690
36691
36691
36691
36691
36693
36699
36699
36700
36701
36703
36704
36713
36714
36723
36724
36730
36730
36731
36731
36732
36732
36732
36733
36739
36740
36743
36750
36750
36753
36754
36754
36760
36760
36761
36761
36763
36769
36770
36770
36772
36773
36783
36783
36784
36790
36790
36793
36794
36794
36799
36799
36802
36803
36804
36813
36814
36814
36814
36815
36815
36820
36823
36823
36830
36830
36831
36833
36839
36839
36843
36850
36850
36853
36854
36854
36860
36860
36861
36861
36863
36863
36869
36870
36873
36873
36874
36883
36884
36884
36889
36890
36893
36893
36894
36899
36900
36900
36903
36903
36904
36913
36914
36914
36919
36920
36920
36923
36924
36924
36943
36944
36944
36950
36950
36950
36950
36951
36951
36951
36953
36954
36959
36960
36961
36961
36963
36969
36970
36970
36973
36979
36980
36983
36984
36989
36990
36990
36991
36991
36993
36999
37000
37000
37003
37003
37013
37013
37014
37014
37020
37020
37020
37023
37024
37024
37029
37029
37030
37032
37033
37033
37043
37043
37044
37049
37050
37050
37053
37054
37059
37059
37060
37061
37062
37062
37069
37069
37080
37080
37083
37083
37084
37090
37090
37090
37091
37091
37099
37100
37100
37103
37109
37110
37113
37113
37114
37120
37120
37120
37123
37123
37124
37124
37129
37129
37133
37133
37133
37143
37143
37144
37150
37150
37153
37153
37154
37154
37159
37160
37162
37162
37163
37163
37173
37174
37179
37179
37180
37183
37184
37184
37189
37190
37191
37193
37199
37200
37203
37203
37210
37213
37213
37214
37219
37219
37221
37221
37223
37229
37230
37230
37233
37233
37243
37243
37244
37253
37259
37259
37260
37260
37260
37260
37261
37262
37263
37263
37273
37273
37279
37279
37280
37280
37283
37283
37284
37289
37289
37290
37293
37293
37303
37303
37304
37309
37310
37313
37313
37314
37328
37328
37329
37329
37333
37333
37333
37333
37339
37339
37343
37343
37344
37349
37350
37350
37351
37351
37353
37359
37360
37360
37363
37373
37380
37383
37383
37384
37384
37384
37384
37385
37393
37393
37394
37394
37394
37403
37403
37404
37410
37410
37410
37413
37413
37413
37423
37430
37433
37433
37434
37434
37434
37434
37440
37440
37443
37443
37449
37449
37450
37450
37451
37451
37463
37463
37464
37464
37475
37475
37479
37479
37480
37480
37480
37480
37483
37483
37489
37489
37490
37492
37493
37493
37503
37503
37504
37509
37510
37510
37513
37513
37523
37523
37524
37524
37540
37540
37543
37543
37544
37544
37558
37558
37559
37559
37559
37560
37560
37560
37569
37570
37573
37581
37583
37583
37589
37589
37590
37590
37590
37590
37593
37593
37603
37603
37604
37613
37613
37614
37622
37622
37623
37623
37634
37634
37634
37634
37634
37639
37639
37640
37643
37643
37649
37649
37649
37651
37653
37653
37659
37659
37681
37681
37682
37682
37683
37683
37683
37684
37684
37684
37689
37689
37693
37693
37699
37703
37703
37703
37710
37710
37710
37711
37711
37713
37720
37720
37720
37720
37739
37739
37740
37743
37743
37743
37749
37749
37750
37750
37750
37751
37753
37769
37773
37773
37774
37774
37774
37774
37779
37781
37781
37783
37789
37790
37793
37793
37799
37803
37803
37813
37819
37819
37820
37820
37820
37820
37823
37823
37823
37833
37833
37833
37839
37839
37840
37843
37843
37843
37849
37849
37850
37852
37853
37863
37863
37863
37864
37865
37865
37869
37870
37873
37879
37879
37879
37881
37883
37883
37893
37893
37899
37899
37903
37903
37909
37909
37910
37910
37911
37913
37919
37919
37923
37923
37929
37933
37933
37933
37939
37939
37941
37941
37943
37943
37949
37949
37952
37953
37959
37959
37963
37963
37964
37969
37970
37970
37973
37973
37979
37979
37979
37982
37982
37982
37993
37993
37999
37999
38000
38003
38003
38003
38013
38023
38023
38024
38024
38024
38024
38029
38030
38033
38033
38033
38039
38039
38041
38041
38043
38049
38050
38053
38053
38059
38063
38063
38073
38079
38079
38079
38080
38080
38080
38080
38083
38083
38093
38093
38093
38094
38099
38099
38103
38103
38113
38113
38123
38123
38124
38124
38124
38129
38129
38129
38133
38133
38139
38139
38139
38140
38141
38143
38149
38149
38150
38153
38159
38159
38163
38163
38163
38169
38169
38169
38170
38171
38173
38179
38179
38179
38183
38186
38186
38193
38193
38193
38212
38212
38212
38213
38218
38218
38218
38219
38219
38223
38223
38223
38229
38229
38233
38233
38233
38239
38239
38239
38241
38243
38243
38249
38253
38253
38259
38260
38263
38263
38269
38269
38269
38270
38273
38273
38283
38283
38295
38295
38296
38296
38299
38299
38300
38300
38303
38303
38313
38313
38323
38323
38324
38329
38329
38329
38333
38333
38333
38339
38339
38340
38341
38343
38360
38360
38363
38363
38363
38364
38364
38364
38379
38380
38380
38380
38380
38381
38383
38389
38389
38393
38393
38393
38403
38403
38409
38409
38413
38413
38413
38413
38419
38419
38423
38423
38433
38433
38439
38439
38442
38442
38443
38443
38443
38453
38453
38453
38455
38456
38469
38471
38473
38473
38473
38474
38483
38483
38483
38484
38489
38489
38493
38493
38493
38495
38496
38496
38501
38503
38509
38509
38512
38513
38519
38523
38523
38523
38529
38529
38530
38530
38533
38533
38539
38539
38542
38543
38543
38553
38553
38553
38559
38559
38560
38563
38563
38563
38569
38569
38571
38572
38573
38573
38583
38583
38583
38589
38589
38593
38593
38593
38599
38599
38599
38601
38603
38603
38609
38609
38613
38613
38619
38619
38623
38623
38623
38629
38629
38629
38631
38631
38633
38639
38639
38639
38643
38649
38649
38653
38653
38653
38659
38659
38660
38663
38663
38663
38669
38669
38672
38673
38683
38683
38683
38689
38690
38690
38693
38693
38693
38699
38700
38700
38701
38703
38703
38713
38713
38713
38719
38719
38723
38723
38729
38729
38729
38730
38731
38731
38743
38743
38753
38753
38753
38754
38754
38754
38759
38759
38759
38760
38761
38763
38769
38769
38769
38772
38773
38773
38783
38783
38789
38790
38790
38790
38793
38793
38793
38803
38803
38803
38814
38815
38815
38815
38816
38816
38819
38823
38823
38823
38829
38829
38829
38831
38833
38833
38839
38839
38843
38849
38850
38850
38853
38853
38859
38859
38860
38860
38861
38861
38869
38869
38869
38869
38879
38879
38879
38883
38883
38883
38889
38889
38890
38893
38893
38893
38899
38899
38902
38902
38903
38903
38913
38913
38919
38919
38919
38923
38923
38923
38929
38929
38931
38933
38933
38933
38943
38943
38949
38949
38949
38949
38953
38953
38959
38959
38963
38979
38979
38979
38980
38980
38980
38983
38983
38989
38989
38989
38990
38991
38999
38999
38999
39002
39009
39009
39013
39013
39019
39019
39020
39020
39023
39023
39023
39033
39033
39043
39049
39049
39049
39050
39050
39050
39053
39053
39053
39059
39059
39059
39061
39061
39083
39083
39083
39083
39084
39084
39084
39089
39089
39089
39091
39091
39093
39099
39099
39099
39102
39109
39109
39113
39113
39113
39123
39123
39129
39129
39132
39143
39143
39143
39143
39149
39150
39150
39150
39151
39151
39151
39153
39159
39159
39161
39163
39163
39173
39173
39179
39179
39179
39180
39183
39183
39199
39199
39199
39203
39209
39209
39209
39210
39210
39212
39213
39213
39219
39219
39220
39220
39223
39223
39229
39229
39232
39239
39239
39240
39241
39241
39249
39250
39250
39253
39253
39253
39259
39259
39262
39263
39263
39273
39273
39279
39279
39279
39283
39283
39283
39289
39289
39289
39291
39293
39293
39303
39303
39303
39309
39309
39312
39313
39313
39319
39319
39320
39321
39323
39329
39329
39329
39332
39339
39339
39343
39343
39343
39353
39353
39353
39362
39362
39369
39369
39373
39373
39373
39373
39374
39379
39379
39379
39382
39383
39383
39403
39403
39403
39403
39409
39409
39409
39413
39413
39413
39418
39419
39419
39421
39421
39423
39423
39429
39429
39433
39439
39439
39443
39443
39443
39449
39449
39449
39450
39453
39453
39459
39459
39463
39469
39469
39473
39473
39483
39483
39483
39483
39484
39489
39489
39489
39489
39492
39493
39503
39503
39503
39509
39509
39510
39513
39513
39513
39519
39519
39519
39521
39522
39523
39533
39533
39533
39539
39539
39539
39542
39543
39543
39549
39549
39551
39551
39553
39559
39559
39559
39562
39573
39579
39579
39580
39580
39581
39581
39581
39581
39589
39589
39589
39589
39592
39593
39603
39603
39603
39609
39609
39609
39613
39613
39619
39619
39619
39622
39622
39627
39632
39633
39633
39639
39639
39639
39643
39643
39648
39649
39649
39651
39652
39653
39663
39663
39663
39669
39669
39669
39673
39673
39679
39679
39679
39682
39699
39699
39702
39703
39703
39703
39709
39709
39709
39712
39713
39713
39723
39732
39733
39733
39733
39733
39734
39734
39747
39747
39749
39749
39749
39749
39749
39750
39751
39752
39753
39762
39763
39763
39772
39773
39779
39779
39781
39782
39783
39783
39783
39789
39792
39793
39793
39803
39803
39803
39809
39809
39812
39813
39813
39822
39832
39833
39833
39833
39843
39843
39849
39852
39853
39853
39853
39853
39869
39869
39872
39873
39873
39873
39873
39874
39879
39879
39879
39881
39883
39883
39893
39893
39893
39898
39899
39899
39903
39912
39913
39913
39913
39913
39918
39919
39919
39922
39929
39929
39933
39933
39938
39939
39939
39940
39941
39942
39949
39949
39952
39952
39958
39959
39963
39963
39972
39973
39982
39982
39982
39982
39987
39987
39992
39993
39993
39999
39999
